#2026 04 07 13:54:00.131#Z#INFO#3aa9c965-3289-11f1-a457-eeee0a899027.OPERATION#http-nio-0.0.0.0-8080-exec-2#
[XS2StartProcessListener] Operation ID: 3aa9c965-3289-11f1-a457-eeee0a899027#
#2026 04 07 13:54:00.151#Z#DEBUG#3aa9c965-3289-11f1-a457-eeee0a899027.OPERATION#http-nio-0.0.0.0-8080-exec-2#
[XS2StartProcessListener] Process environment: {
  "SKIP_SSL_VALIDATION" : "false",
  "FLOWABLE_JOB_EXECUTOR_MAX_THREADS" : "32",
  "VERSION" : "2.43.0",
  "BASIC_AUTH_ENABLED" : "true",
  "FLOWABLE_JOB_EXECUTOR_QUEUE_CAPACITY" : "16",
  "FLOWABLE_JOB_EXECUTOR_CORE_THREADS" : "8"
}#
#2026 04 07 13:54:00.151#Z#DEBUG#3aa9c965-3289-11f1-a457-eeee0a899027.OPERATION#http-nio-0.0.0.0-8080-exec-2#
[XS2StartProcessListener] Current user: mohammadumair.jamal@stefanini.com#
#2026 04 07 13:54:00.151#Z#DEBUG#3aa9c965-3289-11f1-a457-eeee0a899027.OPERATION#http-nio-0.0.0.0-8080-exec-2#
[XS2StartProcessListener] Client space: dev#
#2026 04 07 13:54:00.151#Z#DEBUG#3aa9c965-3289-11f1-a457-eeee0a899027.OPERATION#http-nio-0.0.0.0-8080-exec-2#
[XS2StartProcessListener] Client organization: d283a1e6trial#
#2026 04 07 13:54:00.151#Z#INFO#3aa9c965-3289-11f1-a457-eeee0a899027.OPERATION#http-nio-0.0.0.0-8080-exec-2#
[XS2StartProcessListener] Process variables: {
  "keepFiles" : false,
  "skipAppDigestCalculation" : false,
  "abortOnError" : false,
  "mtaId" : "project_management_capm",
  "noFailOnMissingPermissions" : false,
  "isSecurityEnabled" : false,
  "apiRequestPath" : "https://deploy-service.cf.us10-001.hana.ondemand.com/api/v1/spaces/a934aecf-76e7-4f05-bdaa-faeb1e8a9c5c/operations",
  "deleteServiceBrokers" : false,
  "appArchiveId" : "132fcc01-b963-43bd-aa22-493e4a6b8462",
  "isDisposableUserProvidedServiceEnabled" : false,
  "deleteServiceKeys" : false,
  "noRestartSubscribedApps" : false,
  "noStart" : false,
  "deleteServices" : false
}#
#2026 04 07 13:54:00.195#Z#DEBUG#3aa9c965-3289-11f1-a457-eeee0a899027.OPERATION#flowable-async-job-executor-thread-8113#
[ValidateDeployParametersStep] Executing task "validateParametersTask" of process "3aa9c98b-3289-11f1-a457-eeee0a899027"...#
#2026 04 07 13:54:00.196#Z#DEBUG#3aa9c965-3289-11f1-a457-eeee0a899027.OPERATION#flowable-async-job-executor-thread-8113#
[ValidateDeployParametersStep] Validating parameters...#
#2026 04 07 13:54:00.197#Z#INFO#3aa9c965-3289-11f1-a457-eeee0a899027.OPERATION#flowable-async-job-executor-thread-8113#
[ValidateDeployParametersStep] Size of mtars is 16,798,977 and size of extension descriptors is 0#
#2026 04 07 13:54:00.230#Z#INFO#3aa9c965-3289-11f1-a457-eeee0a899027.OPERATION#flowable-async-job-executor-thread-8113#
[ValidateDeployParametersStep] Archive was not split! Total size in bytes: 16,798,977#
#2026 04 07 13:54:00.230#Z#INFO#3aa9c965-3289-11f1-a457-eeee0a899027.OPERATION#flowable-async-job-executor-thread-8113#
[ValidateDeployParametersStep] Deploying in org "d283a1e6trial" and space "dev"#
#2026 04 07 13:54:00.235#Z#DEBUG#3aa9c965-3289-11f1-a457-eeee0a899027.OPERATION#flowable-async-job-executor-thread-8113#
[ValidateDeployParametersStep] Parameters validated#
#2026 04 07 13:54:00.235#Z#DEBUG#3aa9c965-3289-11f1-a457-eeee0a899027.OPERATION#flowable-async-job-executor-thread-8113#
Step "Validate Parameters" finished#
#2026 04 07 13:54:00.261#Z#DEBUG#3aa9c965-3289-11f1-a457-eeee0a899027.OPERATION#flowable-async-job-executor-thread-8114#
[DeleteRemainingFileParts] Executing task "deleteRemainingFileParts" of process "3aa9c98b-3289-11f1-a457-eeee0a899027"...#
#2026 04 07 13:54:00.262#Z#DEBUG#3aa9c965-3289-11f1-a457-eeee0a899027.OPERATION#flowable-async-job-executor-thread-8114#
Step "Delete Remaining File Parts" finished#
#2026 04 07 13:54:00.287#Z#DEBUG#3aa9c965-3289-11f1-a457-eeee0a899027.OPERATION#flowable-async-job-executor-thread-8115#
[XS2ProcessMtaArchiveStep] Executing task "processArchiveTask" of process "3aa9c98b-3289-11f1-a457-eeee0a899027"...#
#2026 04 07 13:54:00.288#Z#DEBUG#3aa9c965-3289-11f1-a457-eeee0a899027.OPERATION#flowable-async-job-executor-thread-8115#
[XS2ProcessMtaArchiveStep] Processing MTA archive...#
#2026 04 07 13:54:00.288#Z#DEBUG#3aa9c965-3289-11f1-a457-eeee0a899027.OPERATION#flowable-async-job-executor-thread-8115#
[XS2ProcessMtaArchiveStep] MTA Archive ID: 132fcc01-b963-43bd-aa22-493e4a6b8462#
#2026 04 07 13:54:00.812#Z#DEBUG#3aa9c965-3289-11f1-a457-eeee0a899027.OPERATION#flowable-async-job-executor-thread-8115#
[XS2ProcessMtaArchiveStep] MTA Descriptor length: 1,087#
#2026 04 07 13:54:00.812#Z#DEBUG#3aa9c965-3289-11f1-a457-eeee0a899027.OPERATION#flowable-async-job-executor-thread-8115#
[XS2ProcessMtaArchiveStep] MTA Archive Modules: [project_management_capm-srv, project_management_capm-postgres-deployer]#
#2026 04 07 13:54:00.812#Z#DEBUG#3aa9c965-3289-11f1-a457-eeee0a899027.OPERATION#flowable-async-job-executor-thread-8115#
[XS2ProcessMtaArchiveStep] MTA Archive Requires: []#
#2026 04 07 13:54:00.812#Z#DEBUG#3aa9c965-3289-11f1-a457-eeee0a899027.OPERATION#flowable-async-job-executor-thread-8115#
[XS2ProcessMtaArchiveStep] MTA Archive Resources: []#
#2026 04 07 13:54:00.821#Z#DEBUG#3aa9c965-3289-11f1-a457-eeee0a899027.OPERATION#flowable-async-job-executor-thread-8115#
[XS2ProcessMtaArchiveStep] MTA archive processed#
#2026 04 07 13:54:00.821#Z#DEBUG#3aa9c965-3289-11f1-a457-eeee0a899027.OPERATION#flowable-async-job-executor-thread-8115#
Step "Process Archive" finished#
#2026 04 07 13:54:00.857#Z#DEBUG#3aa9c965-3289-11f1-a457-eeee0a899027.OPERATION#flowable-async-job-executor-thread-8116#
[ProcessMtaExtensionDescriptorsStep] Executing task "processExtensionDescriptorsTask" of process "3aa9c98b-3289-11f1-a457-eeee0a899027"...#
#2026 04 07 13:54:00.858#Z#DEBUG#3aa9c965-3289-11f1-a457-eeee0a899027.OPERATION#flowable-async-job-executor-thread-8116#
[ProcessMtaExtensionDescriptorsStep] Processing MTA extension descriptors...#
#2026 04 07 13:54:00.858#Z#DEBUG#3aa9c965-3289-11f1-a457-eeee0a899027.OPERATION#flowable-async-job-executor-thread-8116#
[ProcessMtaExtensionDescriptorsStep] Provided extension descriptors: [ ]#
#2026 04 07 13:54:00.858#Z#DEBUG#3aa9c965-3289-11f1-a457-eeee0a899027.OPERATION#flowable-async-job-executor-thread-8116#
[ProcessMtaExtensionDescriptorsStep] No extension descriptors in use#
#2026 04 07 13:54:00.858#Z#DEBUG#3aa9c965-3289-11f1-a457-eeee0a899027.OPERATION#flowable-async-job-executor-thread-8116#
[ProcessMtaExtensionDescriptorsStep] MTA extension descriptors processed#
#2026 04 07 13:54:00.858#Z#DEBUG#3aa9c965-3289-11f1-a457-eeee0a899027.OPERATION#flowable-async-job-executor-thread-8116#
Step "Process Extension Descriptors" finished#
#2026 04 07 13:54:00.886#Z#DEBUG#3aa9c965-3289-11f1-a457-eeee0a899027.OPERATION#flowable-async-job-executor-thread-8117#
[XS2DetectMtaSchemaVersionStep] Executing task "detectSchemaVersionTask" of process "3aa9c98b-3289-11f1-a457-eeee0a899027"...#
#2026 04 07 13:54:00.887#Z#DEBUG#3aa9c965-3289-11f1-a457-eeee0a899027.OPERATION#flowable-async-job-executor-thread-8117#
[XS2DetectMtaSchemaVersionStep] Detecting MTA major schema version...#
#2026 04 07 13:54:00.888#Z#INFO#3aa9c965-3289-11f1-a457-eeee0a899027.OPERATION#flowable-async-job-executor-thread-8117#
[XS2DetectMtaSchemaVersionStep] Detected MTA schema version: "3"#
#2026 04 07 13:54:00.893#Z#DEBUG#3aa9c965-3289-11f1-a457-eeee0a899027.OPERATION#flowable-async-job-executor-thread-8117#
Step "Detect Schema Version" finished#
#2026 04 07 13:54:00.925#Z#DEBUG#3aa9c965-3289-11f1-a457-eeee0a899027.OPERATION#flowable-async-job-executor-thread-8119#
[MergeDescriptorsStep] Executing task "mergeDescriptorsTask" of process "3aa9c98b-3289-11f1-a457-eeee0a899027"...#
#2026 04 07 13:54:00.926#Z#DEBUG#3aa9c965-3289-11f1-a457-eeee0a899027.OPERATION#flowable-async-job-executor-thread-8119#
[MergeDescriptorsStep] Validating and merging descriptors...#
#2026 04 07 13:54:00.928#Z#DEBUG#3aa9c965-3289-11f1-a457-eeee0a899027.OPERATION#flowable-async-job-executor-thread-8119#
[MergeDescriptorsStep] Merged deployment descriptor: {
  "majorSchemaVersion" : 3,
  "schemaVersion" : "3.3.0",
  "id" : "project_management_capm",
  "version" : "1.0.0",
  "modules" : [ {
    "majorSchemaVersion" : 3,
    "name" : "project_management_capm-srv",
    "type" : "javascript.nodejs",
    "path" : "project_management_capm-srv",
    "properties" : { },
    "parameters" : {
      "disc-quota" : "1G",
      "memory" : "512M",
      "buildpack" : "nodejs_buildpack",
      "instances" : 1
    },
    "requiredDependencies" : [ {
      "majorSchemaVersion" : 3,
      "name" : "project_management_capm-postgres",
      "properties" : { },
      "parameters" : { },
      "propertiesMetadata" : {
        "metadata" : { }
      },
      "parametersMetadata" : {
        "metadata" : { }
      }
    } ],
    "providedDependencies" : [ {
      "majorSchemaVersion" : 3,
      "name" : "srv-api",
      "isPublic" : false,
      "properties" : {
        "srv-url" : "${default-url}"
      },
      "parameters" : { },
      "propertiesMetadata" : {
        "metadata" : { }
      },
      "parametersMetadata" : {
        "metadata" : { }
      }
    }, {
      "majorSchemaVersion" : 3,
      "name" : "project_management_capm-srv",
      "isPublic" : false,
      "properties" : { },
      "parameters" : { },
      "propertiesMetadata" : {
        "metadata" : { }
      },
      "parametersMetadata" : {
        "metadata" : { }
      }
    } ],
    "propertiesMetadata" : {
      "metadata" : { }
    },
    "parametersMetadata" : {
      "metadata" : { }
    },
    "hooks" : [ ]
  }, {
    "majorSchemaVersion" : 3,
    "name" : "project_management_capm-postgres-deployer",
    "type" : "javascript.nodejs",
    "path" : "project_management_capm-postgres-deployer",
    "properties" : { },
    "parameters" : {
      "buildpack" : "nodejs_buildpack",
      "no-route" : true,
      "tasks" : [ {
        "command" : "npm start -- --auto-undeploy",
        "name" : "deploy-to-postgresql"
      } ],
      "no-start" : true
    },
    "requiredDependencies" : [ {
      "majorSchemaVersion" : 3,
      "name" : "project_management_capm-postgres",
      "properties" : { },
      "parameters" : { },
      "propertiesMetadata" : {
        "metadata" : { }
      },
      "parametersMetadata" : {
        "metadata" : { }
      }
    } ],
    "providedDependencies" : [ {
      "majorSchemaVersion" : 3,
      "name" : "project_management_capm-postgres-deployer",
      "isPublic" : false,
      "properties" : { },
      "parameters" : { },
      "propertiesMetadata" : {
        "metadata" : { }
      },
      "parametersMetadata" : {
        "metadata" : { }
      }
    } ],
    "propertiesMetadata" : {
      "metadata" : { }
    },
    "parametersMetadata" : {
      "metadata" : { }
    },
    "hooks" : [ ]
  } ],
  "resources" : [ {
    "majorSchemaVersion" : 3,
    "name" : "project_management_capm-postgres",
    "type" : "org.cloudfoundry.existing-service",
    "properties" : { },
    "parameters" : {
      "type" : "existing-service",
      "service-name" : "PGSQL_INS"
    },
    "isActive" : true,
    "isOptional" : false,
    "propertiesMetadata" : {
      "metadata" : { }
    },
    "parametersMetadata" : {
      "metadata" : { }
    },
    "requiredDependencies" : [ ],
    "processedAfter" : [ ]
  } ],
  "parameters" : {
    "enable-parallel-deployments" : true
  },
  "parametersMetadata" : {
    "metadata" : { }
  }
}#
#2026 04 07 13:54:00.930#Z#WARN#3aa9c965-3289-11f1-a457-eeee0a899027.OPERATION#flowable-async-job-executor-thread-8119#
[MergeDescriptorsStep] Parameter(s) "{project_management_capm-srv=[disc-quota]}" are not supported in the specified scope, or referenced by any other entities. These parameters are not processed and will be lost after the operation completes. Further usage of these parameters might lead to unexpected results. Use at your own risk.#
#2026 04 07 13:54:00.937#Z#DEBUG#3aa9c965-3289-11f1-a457-eeee0a899027.OPERATION#flowable-async-job-executor-thread-8119#
[MergeDescriptorsStep] Descriptors validated and merged#
#2026 04 07 13:54:00.937#Z#DEBUG#3aa9c965-3289-11f1-a457-eeee0a899027.OPERATION#flowable-async-job-executor-thread-8119#
Step "Merge Descriptors" finished#
#2026 04 07 13:54:00.979#Z#DEBUG#3aa9c965-3289-11f1-a457-eeee0a899027.OPERATION#flowable-async-job-executor-thread-8114#
[DetectDeployedMtaStep] Executing task "detectDeployedMtaTask" of process "3aa9c98b-3289-11f1-a457-eeee0a899027"...#
#2026 04 07 13:54:00.979#Z#DEBUG#3aa9c965-3289-11f1-a457-eeee0a899027.OPERATION#flowable-async-job-executor-thread-8114#
[DetectDeployedMtaStep] Detecting deployed MTA...#
#2026 04 07 13:54:01.057#Z#DEBUG#3aa9c965-3289-11f1-a457-eeee0a899027.OPERATION#flowable-async-job-executor-thread-8114#
[DetectDeployedMtaStep] Detecting MTA by id project_management_capm and namespace null#
#2026 04 07 13:54:01.057#Z#DEBUG#3aa9c965-3289-11f1-a457-eeee0a899027.OPERATION#flowable-async-job-executor-thread-8114#
[DetectDeployedMtaStep] Getting applications by metadata label selector "mta_id=d60b1a15a013739e9c314f731b9f74ca,!mta_namespace"...#
#2026 04 07 13:54:01.165#Z#DEBUG#3aa9c965-3289-11f1-a457-eeee0a899027.OPERATION#flowable-async-job-executor-thread-8114#
[DetectDeployedMtaStep] Getting service instances by metadata label selector "mta_id=d60b1a15a013739e9c314f731b9f74ca,!mta_namespace"...#
#2026 04 07 13:54:01.202#Z#DEBUG#3aa9c965-3289-11f1-a457-eeee0a899027.OPERATION#flowable-async-job-executor-thread-8114#
[DetectDeployedMtaStep] Deployed MTA: {
  "metadata" : {
    "id" : "project_management_capm",
    "version" : "1.0.0"
  },
  "applications" : [ {
    "name" : "project_management_capm-srv",
    "metadata" : {
      "guid" : "97beafdb-133a-47f5-8cc1-6e48cfb174c6",
      "createdAt" : [ 2026, 4, 5, 18, 14, 19 ],
      "updatedAt" : [ 2026, 4, 6, 12, 14, 6 ]
    },
    "v3Metadata" : {
      "annotations" : {
        "mta_id" : "project_management_capm",
        "mta_version" : "1.0.0",
        "mta_module" : "{\"name\":\"project_management_capm-srv\"}",
        "mta_module_provided_dependencies" : "[]",
        "mta_bound_services" : "[]"
      },
      "labels" : {
        "mta_id" : "d60b1a15a013739e9c314f731b9f74ca"
      }
    },
    "state" : "STOPPED",
    "lifecycle" : {
      "type" : "BUILDPACK",
      "data" : {
        "buildpacks" : [ "nodejs_buildpack" ],
        "stack" : "cflinuxfs4"
      }
    },
    "space" : {
      "name" : "dev",
      "metadata" : {
        "guid" : "a934aecf-76e7-4f05-bdaa-faeb1e8a9c5c",
        "createdAt" : [ 2026, 2, 23, 11, 50, 47 ],
        "updatedAt" : [ 2026, 2, 23, 11, 50, 47 ]
      },
      "organization" : {
        "name" : "d283a1e6trial",
        "metadata" : {
          "guid" : "9412b515-cbad-4fe1-8c3c-768010c09a88",
          "createdAt" : [ 2026, 2, 23, 11, 50, 45 ],
          "updatedAt" : [ 2026, 2, 23, 11, 50, 47 ]
        }
      }
    },
    "moduleName" : "project_management_capm-srv",
    "boundMtaServices" : [ ],
    "providedDependencyNames" : [ ],
    "productizationState" : "LIVE"
  }, {
    "name" : "project_management_capm-postgres-deployer",
    "metadata" : {
      "guid" : "3de15098-c398-4da0-9015-499077cb55b0",
      "createdAt" : [ 2026, 4, 5, 18, 14, 22 ],
      "updatedAt" : [ 2026, 4, 6, 12, 14, 7 ]
    },
    "v3Metadata" : {
      "annotations" : {
        "mta_id" : "project_management_capm",
        "mta_version" : "1.0.0",
        "mta_module" : "{\"name\":\"project_management_capm-postgres-deployer\"}",
        "mta_module_provided_dependencies" : "[]",
        "mta_bound_services" : "[]"
      },
      "labels" : {
        "mta_id" : "d60b1a15a013739e9c314f731b9f74ca"
      }
    },
    "state" : "STOPPED",
    "lifecycle" : {
      "type" : "BUILDPACK",
      "data" : {
        "buildpacks" : [ "nodejs_buildpack" ],
        "stack" : "cflinuxfs4"
      }
    },
    "space" : {
      "name" : "dev",
      "metadata" : {
        "guid" : "a934aecf-76e7-4f05-bdaa-faeb1e8a9c5c",
        "createdAt" : [ 2026, 2, 23, 11, 50, 47 ],
        "updatedAt" : [ 2026, 2, 23, 11, 50, 47 ]
      },
      "organization" : {
        "name" : "d283a1e6trial",
        "metadata" : {
          "guid" : "9412b515-cbad-4fe1-8c3c-768010c09a88",
          "createdAt" : [ 2026, 2, 23, 11, 50, 45 ],
          "updatedAt" : [ 2026, 2, 23, 11, 50, 47 ]
        }
      }
    },
    "moduleName" : "project_management_capm-postgres-deployer",
    "boundMtaServices" : [ ],
    "providedDependencyNames" : [ ],
    "productizationState" : "LIVE"
  } ],
  "services" : [ ]
}#
#2026 04 07 13:54:01.202#Z#INFO#3aa9c965-3289-11f1-a457-eeee0a899027.OPERATION#flowable-async-job-executor-thread-8114#
[DetectDeployedMtaStep] Detected deployed MTA with ID "project_management_capm" and version "1.0.0"#
#2026 04 07 13:54:01.207#Z#DEBUG#3aa9c965-3289-11f1-a457-eeee0a899027.OPERATION#flowable-async-job-executor-thread-8114#
[DetectDeployedMtaStep] Detecting backup mta by id "project_management_capm" and namespace "null"#
#2026 04 07 13:54:01.207#Z#DEBUG#3aa9c965-3289-11f1-a457-eeee0a899027.OPERATION#flowable-async-job-executor-thread-8114#
[DetectDeployedMtaStep] Getting applications by metadata label selector "mta_id=d60b1a15a013739e9c314f731b9f74ca,mta_namespace=b698114a0995e936895b9598a6c19a2c"...#
#2026 04 07 13:54:01.250#Z#DEBUG#3aa9c965-3289-11f1-a457-eeee0a899027.OPERATION#flowable-async-job-executor-thread-8114#
[DetectDeployedMtaStep] Getting service instances by metadata label selector "mta_id=d60b1a15a013739e9c314f731b9f74ca,mta_namespace=b698114a0995e936895b9598a6c19a2c"...#
#2026 04 07 13:54:01.283#Z#DEBUG#3aa9c965-3289-11f1-a457-eeee0a899027.OPERATION#flowable-async-job-executor-thread-8114#
[DetectDeployedMtaStep] Deployed MTA service keys: [ ]#
#2026 04 07 13:54:01.283#Z#DEBUG#3aa9c965-3289-11f1-a457-eeee0a899027.OPERATION#flowable-async-job-executor-thread-8114#
Step "Detect Deployed MTA" finished#
#2026 04 07 13:54:01.313#Z#DEBUG#3aa9c965-3289-11f1-a457-eeee0a899027.OPERATION#flowable-async-job-executor-thread-8114#
[XS2CollectSystemParametersStep] Executing task "collectSystemParametersTask" of process "3aa9c98b-3289-11f1-a457-eeee0a899027"...#
#2026 04 07 13:54:01.314#Z#DEBUG#3aa9c965-3289-11f1-a457-eeee0a899027.OPERATION#flowable-async-job-executor-thread-8114#
[XS2CollectSystemParametersStep] Collecting system parameters...#
#2026 04 07 13:54:01.315#Z#DEBUG#3aa9c965-3289-11f1-a457-eeee0a899027.OPERATION#flowable-async-job-executor-thread-8114#
[XS2CollectSystemParametersStep] Getting default domain...#
#2026 04 07 13:54:01.351#Z#DEBUG#3aa9c965-3289-11f1-a457-eeee0a899027.OPERATION#flowable-async-job-executor-thread-8114#
[XS2CollectSystemParametersStep] Default domain: cfapps.us10-001.hana.ondemand.com#
#2026 04 07 13:54:01.352#Z#DEBUG#3aa9c965-3289-11f1-a457-eeee0a899027.OPERATION#flowable-async-job-executor-thread-8114#
[XS2CollectSystemParametersStep] Checking for overwriting read-only parameters for mta with id: "project_management_capm"#
#2026 04 07 13:54:01.352#Z#DEBUG#3aa9c965-3289-11f1-a457-eeee0a899027.OPERATION#flowable-async-job-executor-thread-8114#
[XS2CollectSystemParametersStep] No read-only parameters are overwritten#
#2026 04 07 13:54:01.377#Z#DEBUG#3aa9c965-3289-11f1-a457-eeee0a899027.OPERATION#flowable-async-job-executor-thread-8114#
[XS2CollectSystemParametersStep] Descriptor with system parameters: {
  "majorSchemaVersion" : 3,
  "schemaVersion" : "3.3.0",
  "id" : "project_management_capm",
  "version" : "1.0.0",
  "modules" : [ {
    "majorSchemaVersion" : 3,
    "name" : "project_management_capm-srv",
    "type" : "javascript.nodejs",
    "path" : "project_management_capm-srv",
    "properties" : { },
    "parameters" : {
      "default-url" : "${protocol}://${default-uri}",
      "default-app-name" : "project_management_capm-srv",
      "generated-password" : "********",
      "default-live-url" : "${protocol}://${default-live-uri}",
      "default-uri" : "${host}.${domain}",
      "memory" : "512M",
      "default-instances" : 1,
      "default-live-host" : "d283a1e6trial-dev-project-management-capm-srv",
      "instances" : 1,
      "disc-quota" : "1G",
      "buildpack" : "nodejs_buildpack",
      "default-host" : "d283a1e6trial-dev-project-management-capm-srv",
      "app-name" : "${default-app-name}",
      "default-live-uri" : "d283a1e6trial-dev-project-management-capm-srv.${domain}",
      "protocol" : "https",
      "default-live-app-name" : "project_management_capm-srv",
      "default-live-domain" : "cfapps.us10-001.hana.ondemand.com",
      "domain" : "${default-domain}",
      "host" : "${default-host}",
      "generated-user" : "********"
    },
    "requiredDependencies" : [ {
      "majorSchemaVersion" : 3,
      "name" : "project_management_capm-postgres",
      "properties" : { },
      "parameters" : { },
      "propertiesMetadata" : {
        "metadata" : { }
      },
      "parametersMetadata" : {
        "metadata" : { }
      }
    } ],
    "providedDependencies" : [ {
      "majorSchemaVersion" : 3,
      "name" : "srv-api",
      "isPublic" : false,
      "properties" : {
        "srv-url" : "${default-url}"
      },
      "parameters" : { },
      "propertiesMetadata" : {
        "metadata" : { }
      },
      "parametersMetadata" : {
        "metadata" : { }
      }
    }, {
      "majorSchemaVersion" : 3,
      "name" : "project_management_capm-srv",
      "isPublic" : false,
      "properties" : { },
      "parameters" : { },
      "propertiesMetadata" : {
        "metadata" : { }
      },
      "parametersMetadata" : {
        "metadata" : { }
      }
    } ],
    "propertiesMetadata" : {
      "metadata" : { }
    },
    "parametersMetadata" : {
      "metadata" : { }
    },
    "hooks" : [ ]
  }, {
    "majorSchemaVersion" : 3,
    "name" : "project_management_capm-postgres-deployer",
    "type" : "javascript.nodejs",
    "path" : "project_management_capm-postgres-deployer",
    "properties" : { },
    "parameters" : {
      "default-url" : "${protocol}://${default-uri}",
      "default-app-name" : "project_management_capm-postgres-deployer",
      "generated-password" : "********",
      "default-live-url" : "${protocol}://${default-live-uri}",
      "default-uri" : "${host}.${domain}",
      "default-instances" : 1,
      "no-route" : true,
      "default-live-host" : "d283a1e6trial-dev-project-management-capm-postgres-deployer",
      "instances" : "${default-instances}",
      "buildpack" : "nodejs_buildpack",
      "default-host" : "d283a1e6trial-dev-project-management-capm-postgres-deployer",
      "app-name" : "${default-app-name}",
      "default-live-uri" : "d283a1e6trial-dev-project-management-capm-postgres-deployer.${domain}",
      "protocol" : "https",
      "default-live-app-name" : "project_management_capm-postgres-deployer",
      "default-live-domain" : "cfapps.us10-001.hana.ondemand.com",
      "domain" : "${default-domain}",
      "host" : "${default-host}",
      "generated-user" : "********",
      "tasks" : [ {
        "command" : "npm start -- --auto-undeploy",
        "name" : "deploy-to-postgresql"
      } ],
      "no-start" : true
    },
    "requiredDependencies" : [ {
      "majorSchemaVersion" : 3,
      "name" : "project_management_capm-postgres",
      "properties" : { },
      "parameters" : { },
      "propertiesMetadata" : {
        "metadata" : { }
      },
      "parametersMetadata" : {
        "metadata" : { }
      }
    } ],
    "providedDependencies" : [ {
      "majorSchemaVersion" : 3,
      "name" : "project_management_capm-postgres-deployer",
      "isPublic" : false,
      "properties" : { },
      "parameters" : { },
      "propertiesMetadata" : {
        "metadata" : { }
      },
      "parametersMetadata" : {
        "metadata" : { }
      }
    } ],
    "propertiesMetadata" : {
      "metadata" : { }
    },
    "parametersMetadata" : {
      "metadata" : { }
    },
    "hooks" : [ ]
  } ],
  "resources" : [ {
    "majorSchemaVersion" : 3,
    "name" : "project_management_capm-postgres",
    "type" : "org.cloudfoundry.existing-service",
    "properties" : { },
    "parameters" : {
      "generated-password" : "********",
      "service-name" : "PGSQL_INS",
      "generated-user" : "********",
      "default-xsappname" : "project_management_capm-postgres",
      "type" : "existing-service",
      "default-service-name" : "project_management_capm-postgres",
      "default-container-name" : "D283A1E6TRIAL_DEV_PROJECT_MANAGEMENT_CAPM_POSTGRES"
    },
    "isActive" : true,
    "isOptional" : false,
    "propertiesMetadata" : {
      "metadata" : { }
    },
    "parametersMetadata" : {
      "metadata" : { }
    },
    "requiredDependencies" : [ ],
    "processedAfter" : [ ]
  } ],
  "parameters" : {
    "mta-id" : "project_management_capm",
    "authorization-url" : "********",
    "org-guid" : "9412b515-cbad-4fe1-8c3c-768010c09a88",
    "org" : "d283a1e6trial",
    "deploy-target" : "d283a1e6trial dev",
    "enable-parallel-deployments" : true,
    "space" : "dev",
    "xs-api-url" : "https://api.cf.us10-001.hana.ondemand.com",
    "deploy-url" : "deploy-service.cfapps.us10-001.hana.ondemand.com",
    "xs-type" : "CF",
    "default-domain" : "cfapps.us10-001.hana.ondemand.com",
    "mta-version" : "1.0.0",
    "xs-auth-url" : "********",
    "space-guid" : "a934aecf-76e7-4f05-bdaa-faeb1e8a9c5c",
    "user" : "********",
    "controller-url" : "https://api.cf.us10-001.hana.ondemand.com",
    "timestamp" : "20260407135400"
  },
  "parametersMetadata" : {
    "metadata" : { }
  }
}#
#2026 04 07 13:54:01.378#Z#DEBUG#3aa9c965-3289-11f1-a457-eeee0a899027.OPERATION#flowable-async-job-executor-thread-8114#
[XS2CollectSystemParametersStep] Version rule: SAME_HIGHER#
#2026 04 07 13:54:01.378#Z#INFO#3aa9c965-3289-11f1-a457-eeee0a899027.OPERATION#flowable-async-job-executor-thread-8114#
[XS2CollectSystemParametersStep] Detected new MTA version: "1.0.0"#
#2026 04 07 13:54:01.383#Z#INFO#3aa9c965-3289-11f1-a457-eeee0a899027.OPERATION#flowable-async-job-executor-thread-8114#
[XS2CollectSystemParametersStep] Deployed MTA version: "1.0.0"#
#2026 04 07 13:54:01.387#Z#DEBUG#3aa9c965-3289-11f1-a457-eeee0a899027.OPERATION#flowable-async-job-executor-thread-8114#
[XS2CollectSystemParametersStep] MTA accepted for deployment#
#2026 04 07 13:54:01.388#Z#DEBUG#3aa9c965-3289-11f1-a457-eeee0a899027.OPERATION#flowable-async-job-executor-thread-8114#
[XS2CollectSystemParametersStep] System parameters collected#
#2026 04 07 13:54:01.388#Z#DEBUG#3aa9c965-3289-11f1-a457-eeee0a899027.OPERATION#flowable-async-job-executor-thread-8114#
Step "Collect System Parameters" finished#
#2026 04 07 13:54:01.417#Z#DEBUG#3aa9c965-3289-11f1-a457-eeee0a899027.OPERATION#flowable-async-job-executor-thread-8114#
[ProcessDescriptorStep] Executing task "processDescriptorTask" of process "3aa9c98b-3289-11f1-a457-eeee0a899027"...#
#2026 04 07 13:54:01.418#Z#DEBUG#3aa9c965-3289-11f1-a457-eeee0a899027.OPERATION#flowable-async-job-executor-thread-8114#
[ProcessDescriptorStep] Resolving properties and parameters in merged descriptor...#
#2026 04 07 13:54:01.421#Z#DEBUG#3aa9c965-3289-11f1-a457-eeee0a899027.OPERATION#flowable-async-job-executor-thread-8114#
[ProcessDescriptorStep] Subscriptions: [ ]#
#2026 04 07 13:54:01.421#Z#DEBUG#3aa9c965-3289-11f1-a457-eeee0a899027.OPERATION#flowable-async-job-executor-thread-8114#
[ProcessDescriptorStep] MTA modules: [project_management_capm-srv, project_management_capm-postgres-deployer]#
#2026 04 07 13:54:01.421#Z#DEBUG#3aa9c965-3289-11f1-a457-eeee0a899027.OPERATION#flowable-async-job-executor-thread-8114#
[ProcessDescriptorStep] Resolved deployment descriptor: {
  "majorSchemaVersion" : 3,
  "schemaVersion" : "3.3.0",
  "id" : "project_management_capm",
  "version" : "1.0.0",
  "modules" : [ {
    "majorSchemaVersion" : 3,
    "name" : "project_management_capm-srv",
    "type" : "javascript.nodejs",
    "path" : "project_management_capm-srv",
    "properties" : { },
    "parameters" : {
      "default-url" : "https://d283a1e6trial-dev-project-management-capm-srv.cfapps.us10-001.hana.ondemand.com",
      "default-app-name" : "project_management_capm-srv",
      "generated-password" : "********",
      "default-live-url" : "https://d283a1e6trial-dev-project-management-capm-srv.cfapps.us10-001.hana.ondemand.com",
      "default-uri" : "d283a1e6trial-dev-project-management-capm-srv.cfapps.us10-001.hana.ondemand.com",
      "memory" : "512M",
      "default-instances" : 1,
      "default-live-host" : "d283a1e6trial-dev-project-management-capm-srv",
      "instances" : 1,
      "disc-quota" : "1G",
      "buildpack" : "nodejs_buildpack",
      "default-host" : "d283a1e6trial-dev-project-management-capm-srv",
      "app-name" : "project_management_capm-srv",
      "default-live-uri" : "d283a1e6trial-dev-project-management-capm-srv.cfapps.us10-001.hana.ondemand.com",
      "protocol" : "https",
      "default-live-app-name" : "project_management_capm-srv",
      "default-live-domain" : "cfapps.us10-001.hana.ondemand.com",
      "domain" : "cfapps.us10-001.hana.ondemand.com",
      "host" : "d283a1e6trial-dev-project-management-capm-srv",
      "generated-user" : "********"
    },
    "requiredDependencies" : [ {
      "majorSchemaVersion" : 3,
      "name" : "project_management_capm-postgres",
      "properties" : { },
      "parameters" : { },
      "propertiesMetadata" : {
        "metadata" : { }
      },
      "parametersMetadata" : {
        "metadata" : { }
      }
    } ],
    "providedDependencies" : [ {
      "majorSchemaVersion" : 3,
      "name" : "srv-api",
      "isPublic" : false,
      "properties" : {
        "srv-url" : "https://d283a1e6trial-dev-project-management-capm-srv.cfapps.us10-001.hana.ondemand.com"
      },
      "parameters" : { },
      "propertiesMetadata" : {
        "metadata" : { }
      },
      "parametersMetadata" : {
        "metadata" : { }
      }
    }, {
      "majorSchemaVersion" : 3,
      "name" : "project_management_capm-srv",
      "isPublic" : false,
      "properties" : { },
      "parameters" : { },
      "propertiesMetadata" : {
        "metadata" : { }
      },
      "parametersMetadata" : {
        "metadata" : { }
      }
    } ],
    "propertiesMetadata" : {
      "metadata" : { }
    },
    "parametersMetadata" : {
      "metadata" : { }
    },
    "hooks" : [ ]
  }, {
    "majorSchemaVersion" : 3,
    "name" : "project_management_capm-postgres-deployer",
    "type" : "javascript.nodejs",
    "path" : "project_management_capm-postgres-deployer",
    "properties" : { },
    "parameters" : {
      "default-url" : "https://d283a1e6trial-dev-project-management-capm-postgres-deployer.cfapps.us10-001.hana.ondemand.com",
      "default-app-name" : "project_management_capm-postgres-deployer",
      "generated-password" : "********",
      "default-live-url" : "https://d283a1e6trial-dev-project-management-capm-postgres-deployer.cfapps.us10-001.hana.ondemand.com",
      "default-uri" : "d283a1e6trial-dev-project-management-capm-postgres-deployer.cfapps.us10-001.hana.ondemand.com",
      "default-instances" : 1,
      "no-route" : true,
      "default-live-host" : "d283a1e6trial-dev-project-management-capm-postgres-deployer",
      "instances" : 1,
      "buildpack" : "nodejs_buildpack",
      "default-host" : "d283a1e6trial-dev-project-management-capm-postgres-deployer",
      "app-name" : "project_management_capm-postgres-deployer",
      "default-live-uri" : "d283a1e6trial-dev-project-management-capm-postgres-deployer.cfapps.us10-001.hana.ondemand.com",
      "protocol" : "https",
      "default-live-app-name" : "project_management_capm-postgres-deployer",
      "default-live-domain" : "cfapps.us10-001.hana.ondemand.com",
      "domain" : "cfapps.us10-001.hana.ondemand.com",
      "host" : "d283a1e6trial-dev-project-management-capm-postgres-deployer",
      "generated-user" : "********",
      "tasks" : [ {
        "command" : "npm start -- --auto-undeploy",
        "name" : "deploy-to-postgresql"
      } ],
      "no-start" : true
    },
    "requiredDependencies" : [ {
      "majorSchemaVersion" : 3,
      "name" : "project_management_capm-postgres",
      "properties" : { },
      "parameters" : { },
      "propertiesMetadata" : {
        "metadata" : { }
      },
      "parametersMetadata" : {
        "metadata" : { }
      }
    } ],
    "providedDependencies" : [ {
      "majorSchemaVersion" : 3,
      "name" : "project_management_capm-postgres-deployer",
      "isPublic" : false,
      "properties" : { },
      "parameters" : { },
      "propertiesMetadata" : {
        "metadata" : { }
      },
      "parametersMetadata" : {
        "metadata" : { }
      }
    } ],
    "propertiesMetadata" : {
      "metadata" : { }
    },
    "parametersMetadata" : {
      "metadata" : { }
    },
    "hooks" : [ ]
  } ],
  "resources" : [ {
    "majorSchemaVersion" : 3,
    "name" : "project_management_capm-postgres",
    "type" : "org.cloudfoundry.existing-service",
    "properties" : { },
    "parameters" : {
      "generated-password" : "********",
      "service-name" : "PGSQL_INS",
      "generated-user" : "********",
      "default-xsappname" : "project_management_capm-postgres",
      "type" : "existing-service",
      "default-service-name" : "project_management_capm-postgres",
      "default-container-name" : "D283A1E6TRIAL_DEV_PROJECT_MANAGEMENT_CAPM_POSTGRES"
    },
    "isActive" : true,
    "isOptional" : false,
    "propertiesMetadata" : {
      "metadata" : { }
    },
    "parametersMetadata" : {
      "metadata" : { }
    },
    "requiredDependencies" : [ ],
    "processedAfter" : [ ]
  } ],
  "parameters" : {
    "mta-id" : "project_management_capm",
    "authorization-url" : "********",
    "org-guid" : "9412b515-cbad-4fe1-8c3c-768010c09a88",
    "org" : "d283a1e6trial",
    "deploy-target" : "d283a1e6trial dev",
    "enable-parallel-deployments" : true,
    "region-primary-domain" : "us10.hana.ondemand.com",
    "space" : "dev",
    "region-domain" : "us10-001.hana.ondemand.com",
    "xs-api-url" : "https://api.cf.us10-001.hana.ondemand.com",
    "deploy-url" : "deploy-service.cfapps.us10-001.hana.ondemand.com",
    "xs-type" : "CF",
    "default-domain" : "cfapps.us10-001.hana.ondemand.com",
    "mta-version" : "1.0.0",
    "xs-auth-url" : "********",
    "space-guid" : "a934aecf-76e7-4f05-bdaa-faeb1e8a9c5c",
    "user" : "********",
    "controller-url" : "https://api.cf.us10-001.hana.ondemand.com",
    "timestamp" : "20260407135400"
  },
  "parametersMetadata" : {
    "metadata" : { }
  }
}#
#2026 04 07 13:54:01.421#Z#DEBUG#3aa9c965-3289-11f1-a457-eeee0a899027.OPERATION#flowable-async-job-executor-thread-8114#
[ProcessDescriptorStep] Merged descriptor properties and parameters resolved#
#2026 04 07 13:54:01.421#Z#DEBUG#3aa9c965-3289-11f1-a457-eeee0a899027.OPERATION#flowable-async-job-executor-thread-8114#
Step "Process Descriptor Step" finished#
#2026 04 07 13:54:01.449#Z#DEBUG#3aa9c965-3289-11f1-a457-eeee0a899027.OPERATION#flowable-async-job-executor-thread-8114#
[XS2BuildCloudDeployModelStep] Executing task "buildDeployModelTask" of process "3aa9c98b-3289-11f1-a457-eeee0a899027"...#
#2026 04 07 13:54:01.451#Z#DEBUG#3aa9c965-3289-11f1-a457-eeee0a899027.OPERATION#flowable-async-job-executor-thread-8114#
[XS2BuildCloudDeployModelStep] Service keys defined for content deployment grouped by service name: { }#
#2026 04 07 13:54:01.452#Z#DEBUG#3aa9c965-3289-11f1-a457-eeee0a899027.OPERATION#flowable-async-job-executor-thread-8114#
[XS2BuildCloudDeployModelStep] Building cloud deployment model...#
#2026 04 07 13:54:01.453#Z#DEBUG#3aa9c965-3289-11f1-a457-eeee0a899027.OPERATION#flowable-async-job-executor-thread-8114#
[XS2BuildCloudDeployModelStep] MTA archive modules: [project_management_capm-srv, project_management_capm-postgres-deployer]#
#2026 04 07 13:54:01.453#Z#DEBUG#3aa9c965-3289-11f1-a457-eeee0a899027.OPERATION#flowable-async-job-executor-thread-8114#
[XS2BuildCloudDeployModelStep] Deployed modules: [project_management_capm-postgres-deployer, project_management_capm-srv]#
#2026 04 07 13:54:01.454#Z#DEBUG#3aa9c965-3289-11f1-a457-eeee0a899027.OPERATION#flowable-async-job-executor-thread-8114#
[XS2BuildCloudDeployModelStep] MTA modules: [project_management_capm-srv, project_management_capm-postgres-deployer]#
#2026 04 07 13:54:01.454#Z#DEBUG#3aa9c965-3289-11f1-a457-eeee0a899027.OPERATION#flowable-async-job-executor-thread-8114#
[XS2BuildCloudDeployModelStep] Service keys to create: {
  "project_management_capm-postgres" : [ ]
}#
#2026 04 07 13:54:01.454#Z#DEBUG#3aa9c965-3289-11f1-a457-eeee0a899027.OPERATION#flowable-async-job-executor-thread-8114#
[XS2BuildCloudDeployModelStep] Modules to deploy: [{
  "majorSchemaVersion" : 3,
  "name" : "project_management_capm-srv",
  "type" : "javascript.nodejs",
  "path" : "project_management_capm-srv",
  "properties" : { },
  "parameters" : {
    "default-url" : "https://d283a1e6trial-dev-project-management-capm-srv.cfapps.us10-001.hana.ondemand.com",
    "default-app-name" : "project_management_capm-srv",
    "generated-password" : "********",
    "default-live-url" : "https://d283a1e6trial-dev-project-management-capm-srv.cfapps.us10-001.hana.ondemand.com",
    "default-uri" : "d283a1e6trial-dev-project-management-capm-srv.cfapps.us10-001.hana.ondemand.com",
    "memory" : "512M",
    "default-instances" : 1,
    "default-live-host" : "d283a1e6trial-dev-project-management-capm-srv",
    "instances" : 1,
    "disc-quota" : "1G",
    "buildpack" : "nodejs_buildpack",
    "default-host" : "d283a1e6trial-dev-project-management-capm-srv",
    "app-name" : "project_management_capm-srv",
    "default-live-uri" : "d283a1e6trial-dev-project-management-capm-srv.cfapps.us10-001.hana.ondemand.com",
    "protocol" : "https",
    "default-live-app-name" : "project_management_capm-srv",
    "default-live-domain" : "cfapps.us10-001.hana.ondemand.com",
    "dependency-type" : "soft",
    "domain" : "cfapps.us10-001.hana.ondemand.com",
    "host" : "d283a1e6trial-dev-project-management-capm-srv",
    "generated-user" : "********"
  },
  "requiredDependencies" : [ {
    "majorSchemaVersion" : 3,
    "name" : "project_management_capm-postgres",
    "properties" : { },
    "parameters" : { },
    "propertiesMetadata" : {
      "metadata" : { }
    },
    "parametersMetadata" : {
      "metadata" : { }
    }
  } ],
  "providedDependencies" : [ {
    "majorSchemaVersion" : 3,
    "name" : "srv-api",
    "isPublic" : false,
    "properties" : {
      "srv-url" : "https://d283a1e6trial-dev-project-management-capm-srv.cfapps.us10-001.hana.ondemand.com"
    },
    "parameters" : { },
    "propertiesMetadata" : {
      "metadata" : { }
    },
    "parametersMetadata" : {
      "metadata" : { }
    }
  }, {
    "majorSchemaVersion" : 3,
    "name" : "project_management_capm-srv",
    "isPublic" : false,
    "properties" : { },
    "parameters" : { },
    "propertiesMetadata" : {
      "metadata" : { }
    },
    "parametersMetadata" : {
      "metadata" : { }
    }
  } ],
  "propertiesMetadata" : {
    "metadata" : { }
  },
  "parametersMetadata" : {
    "metadata" : { }
  },
  "deployedAfter" : [ ],
  "hooks" : [ ]
}, {
  "majorSchemaVersion" : 3,
  "name" : "project_management_capm-postgres-deployer",
  "type" : "javascript.nodejs",
  "path" : "project_management_capm-postgres-deployer",
  "properties" : { },
  "parameters" : {
    "default-url" : "https://d283a1e6trial-dev-project-management-capm-postgres-deployer.cfapps.us10-001.hana.ondemand.com",
    "default-app-name" : "project_management_capm-postgres-deployer",
    "generated-password" : "********",
    "default-live-url" : "https://d283a1e6trial-dev-project-management-capm-postgres-deployer.cfapps.us10-001.hana.ondemand.com",
    "default-uri" : "d283a1e6trial-dev-project-management-capm-postgres-deployer.cfapps.us10-001.hana.ondemand.com",
    "default-instances" : 1,
    "no-route" : true,
    "default-live-host" : "d283a1e6trial-dev-project-management-capm-postgres-deployer",
    "instances" : 1,
    "buildpack" : "nodejs_buildpack",
    "default-host" : "d283a1e6trial-dev-project-management-capm-postgres-deployer",
    "app-name" : "project_management_capm-postgres-deployer",
    "default-live-uri" : "d283a1e6trial-dev-project-management-capm-postgres-deployer.cfapps.us10-001.hana.ondemand.com",
    "protocol" : "https",
    "default-live-app-name" : "project_management_capm-postgres-deployer",
    "default-live-domain" : "cfapps.us10-001.hana.ondemand.com",
    "dependency-type" : "soft",
    "domain" : "cfapps.us10-001.hana.ondemand.com",
    "host" : "d283a1e6trial-dev-project-management-capm-postgres-deployer",
    "generated-user" : "********",
    "tasks" : [ {
      "command" : "npm start -- --auto-undeploy",
      "name" : "deploy-to-postgresql"
    } ],
    "no-start" : true
  },
  "requiredDependencies" : [ {
    "majorSchemaVersion" : 3,
    "name" : "project_management_capm-postgres",
    "properties" : { },
    "parameters" : { },
    "propertiesMetadata" : {
      "metadata" : { }
    },
    "parametersMetadata" : {
      "metadata" : { }
    }
  } ],
  "providedDependencies" : [ {
    "majorSchemaVersion" : 3,
    "name" : "project_management_capm-postgres-deployer",
    "isPublic" : false,
    "properties" : { },
    "parameters" : { },
    "propertiesMetadata" : {
      "metadata" : { }
    },
    "parametersMetadata" : {
      "metadata" : { }
    }
  } ],
  "propertiesMetadata" : {
    "metadata" : { }
  },
  "parametersMetadata" : {
    "metadata" : { }
  },
  "deployedAfter" : [ ],
  "hooks" : [ ]
}]#
#2026 04 07 13:54:01.455#Z#DEBUG#3aa9c965-3289-11f1-a457-eeee0a899027.OPERATION#flowable-async-job-executor-thread-8114#
[XS2BuildCloudDeployModelStep] Custom domains: []#
#2026 04 07 13:54:01.457#Z#DEBUG#3aa9c965-3289-11f1-a457-eeee0a899027.OPERATION#flowable-async-job-executor-thread-8114#
[XS2BuildCloudDeployModelStep] Getting service instance "PGSQL_INS"...#
#2026 04 07 13:54:01.485#Z#ERROR#3aa9c965-3289-11f1-a457-eeee0a899027.OPERATION#flowable-async-job-executor-thread-8114#
Exception caught#
org.cloudfoundry.multiapps.common.SLException: Error building cloud model: Controller operation failed: 404 Not Found: Service instance PGSQL_INS not found. 
	at org.cloudfoundry.multiapps.controller.process.steps.SyncFlowableStep.processException(SyncFlowableStep.java:151)
	at org.cloudfoundry.multiapps.controller.process.steps.SyncFlowableStep.onStepError(SyncFlowableStep.java:146)
	at org.cloudfoundry.multiapps.controller.process.steps.SyncFlowableStep.handleException(SyncFlowableStep.java:122)
	at org.cloudfoundry.multiapps.controller.process.steps.SyncFlowableStep.executeInternal(SyncFlowableStep.java:87)
	at org.cloudfoundry.multiapps.controller.process.steps.SyncFlowableStep.lambda$execute$0(SyncFlowableStep.java:71)
	at org.cloudfoundry.multiapps.controller.core.util.LoggingUtil.logWithCorrelationId(LoggingUtil.java:14)
	at org.cloudfoundry.multiapps.controller.process.steps.SyncFlowableStep.execute(SyncFlowableStep.java:71)
	at org.flowable.engine.impl.delegate.invocation.JavaDelegateInvocation.invoke(JavaDelegateInvocation.java:35)
	at org.flowable.engine.impl.delegate.invocation.DelegateInvocation.proceed(DelegateInvocation.java:32)
	at org.flowable.engine.impl.delegate.invocation.DefaultDelegateInterceptor.handleInvocation(DefaultDelegateInterceptor.java:26)
	at org.flowable.engine.impl.bpmn.behavior.ServiceTaskDelegateExpressionActivityBehavior.execute(ServiceTaskDelegateExpressionActivityBehavior.java:177)
	at org.flowable.engine.impl.agenda.ContinueProcessOperation.executeActivityBehavior(ContinueProcessOperation.java:298)
	at org.flowable.engine.impl.agenda.ContinueProcessOperation.executeSynchronous(ContinueProcessOperation.java:175)
	at org.flowable.engine.impl.agenda.ContinueProcessOperation.continueThroughFlowNode(ContinueProcessOperation.java:125)
	at org.flowable.engine.impl.agenda.ContinueProcessOperation.run(ContinueProcessOperation.java:88)
	at org.flowable.common.engine.impl.AbstractEngineConfiguration.lambda$new$0(AbstractEngineConfiguration.java:198)
	at org.flowable.engine.impl.interceptor.CommandInvoker.executeOperation(CommandInvoker.java:189)
	at org.flowable.engine.impl.interceptor.CommandInvoker.executeOperations(CommandInvoker.java:128)
	at org.flowable.engine.impl.interceptor.CommandInvoker.execute(CommandInvoker.java:80)
	at org.flowable.engine.impl.interceptor.BpmnOverrideContextInterceptor.execute(BpmnOverrideContextInterceptor.java:26)
	at org.flowable.common.engine.impl.interceptor.TransactionContextInterceptor.execute(TransactionContextInterceptor.java:53)
	at org.flowable.common.engine.impl.interceptor.CommandContextInterceptor.execute(CommandContextInterceptor.java:105)
	at org.flowable.common.spring.SpringTransactionInterceptor.lambda$execute$0(SpringTransactionInterceptor.java:57)
	at org.springframework.transaction.support.TransactionTemplate.execute(TransactionTemplate.java:140)
	at org.flowable.common.spring.SpringTransactionInterceptor.execute(SpringTransactionInterceptor.java:57)
	at org.flowable.common.engine.impl.interceptor.LogInterceptor.execute(LogInterceptor.java:30)
	at org.flowable.common.engine.impl.cfg.CommandExecutorImpl.execute(CommandExecutorImpl.java:56)
	at org.flowable.common.engine.impl.cfg.CommandExecutorImpl.execute(CommandExecutorImpl.java:51)
	at org.flowable.job.service.impl.asyncexecutor.ExecuteAsyncRunnable.handleTransactionalJob(ExecuteAsyncRunnable.java:177)
	at org.flowable.job.service.impl.asyncexecutor.ExecuteAsyncRunnable.executeJob(ExecuteAsyncRunnable.java:146)
	at org.flowable.job.service.impl.asyncexecutor.ExecuteAsyncRunnable.runInternally(ExecuteAsyncRunnable.java:122)
	at org.flowable.job.service.impl.asyncexecutor.ExecuteAsyncRunnable.run(ExecuteAsyncRunnable.java:96)
	at java.base/java.util.concurrent.ThreadPoolExecutor.runWorker(ThreadPoolExecutor.java:1090)
	at java.base/java.util.concurrent.ThreadPoolExecutor$Worker.run(ThreadPoolExecutor.java:614)
	at java.base/java.lang.Thread.run(Thread.java:1474)
Caused by: org.cloudfoundry.multiapps.controller.client.facade.CloudControllerException: Controller operation failed: 404 Not Found: Service instance PGSQL_INS not found.
	at org.cloudfoundry.multiapps.controller.process.steps.SyncFlowableStep.handleControllerException(SyncFlowableStep.java:156)
	at org.cloudfoundry.multiapps.controller.process.steps.SyncFlowableStep.processException(SyncFlowableStep.java:150)
	... 34 more
Caused by: org.cloudfoundry.multiapps.controller.client.facade.CloudOperationException: 404 Not Found: Service instance PGSQL_INS not found.
	at org.cloudfoundry.multiapps.controller.client.facade.rest.CloudControllerRestClientImpl.getServiceInstanceIfRequired(CloudControllerRestClientImpl.java:883)
	at org.cloudfoundry.multiapps.controller.client.facade.rest.CloudControllerRestClientImpl.getServiceInstance(CloudControllerRestClientImpl.java:877)
	at org.cloudfoundry.multiapps.controller.client.facade.rest.CloudControllerRestClientImpl.getServiceInstance(CloudControllerRestClientImpl.java:871)
	at org.cloudfoundry.multiapps.controller.client.facade.CloudControllerClientImpl.lambda$getServiceInstance$0(CloudControllerClientImpl.java:333)
	at org.cloudfoundry.multiapps.controller.client.facade.CloudControllerClientImpl.handleExceptions(CloudControllerClientImpl.java:662)
	at org.cloudfoundry.multiapps.controller.client.facade.CloudControllerClientImpl.getServiceInstance(CloudControllerClientImpl.java:333)
	at org.cloudfoundry.multiapps.controller.client.ResilientCloudControllerClient.lambda$getServiceInstance$0(ResilientCloudControllerClient.java:251)
	at org.cloudfoundry.multiapps.controller.client.util.ResilientOperationExecutor.execute(ResilientOperationExecutor.java:42)
	at org.cloudfoundry.multiapps.controller.client.ResilientCloudControllerClient.executeWithRetry(ResilientCloudControllerClient.java:636)
	at org.cloudfoundry.multiapps.controller.client.ResilientCloudControllerClient.getServiceInstance(ResilientCloudControllerClient.java:251)
	at org.cloudfoundry.multiapps.controller.process.client.LoggingCloudControllerClient.getServiceInstance(LoggingCloudControllerClient.java:359)
	at org.cloudfoundry.multiapps.controller.process.steps.BuildCloudDeployModelStep.resolveServiceGuid(BuildCloudDeployModelStep.java:405)
	at org.cloudfoundry.multiapps.controller.process.steps.BuildCloudDeployModelStep.lambda$getExistingServiceGuids$0(BuildCloudDeployModelStep.java:396)
	at java.base/java.util.stream.ReferencePipeline$3$1.accept(ReferencePipeline.java:214)
	at java.base/java.util.AbstractList$RandomAccessSpliterator.forEachRemaining(AbstractList.java:722)
	at java.base/java.util.stream.AbstractPipeline.copyInto(AbstractPipeline.java:570)
	at java.base/java.util.stream.AbstractPipeline.wrapAndCopyInto(AbstractPipeline.java:560)
	at java.base/java.util.stream.Nodes$CollectorTask.doLeaf(Nodes.java:2191)
	at java.base/java.util.stream.Nodes$CollectorTask$OfRef.doLeaf(Nodes.java:2201)
	at java.base/java.util.stream.AbstractTask.compute(AbstractTask.java:327)
	at java.base/java.util.concurrent.CountedCompleter.exec(CountedCompleter.java:759)
	at java.base/java.util.concurrent.ForkJoinTask.doExec(ForkJoinTask.java:511)
	at java.base/java.util.concurrent.ForkJoinTask.invoke(ForkJoinTask.java:680)
	at java.base/java.util.stream.Nodes.collect(Nodes.java:329)
	at java.base/java.util.stream.ReferencePipeline.evaluateToNode(ReferencePipeline.java:129)
	at java.base/java.util.stream.AbstractPipeline.evaluate(AbstractPipeline.java:630)
	at java.base/java.util.stream.AbstractPipeline.evaluateToArrayNode(AbstractPipeline.java:291)
	at java.base/java.util.stream.ReferencePipeline.toArray(ReferencePipeline.java:652)
	at java.base/java.util.stream.ReferencePipeline.toArray(ReferencePipeline.java:658)
	at java.base/java.util.stream.ReferencePipeline.toList(ReferencePipeline.java:663)
	at org.cloudfoundry.multiapps.controller.process.steps.BuildCloudDeployModelStep.getExistingServiceGuids(BuildCloudDeployModelStep.java:398)
	at org.cloudfoundry.multiapps.controller.process.steps.BuildCloudDeployModelStep.detectDeployedServiceKeys(BuildCloudDeployModelStep.java:384)
	at org.cloudfoundry.multiapps.controller.process.steps.BuildCloudDeployModelStep.addDetectedExistingServiceKeysToDetectedManagedKeys(BuildCloudDeployModelStep.java:360)
	at org.cloudfoundry.multiapps.controller.process.steps.BuildCloudDeployModelStep.executeStep(BuildCloudDeployModelStep.java:149)
	at com.sap.cloud.lm.sl.cf.sap.process.steps.XS2BuildCloudDeployModelStep.executeStep(XS2BuildCloudDeployModelStep.java:35)
	at org.cloudfoundry.multiapps.controller.process.steps.SyncFlowableStep.executeInternal(SyncFlowableStep.java:81)
	... 31 more
#2026 04 07 13:54:01.492#Z#DEBUG#3aa9c965-3289-11f1-a457-eeee0a899027.OPERATION#flowable-async-job-executor-thread-8114#
Step "Build Deploy Model" finished#
#2026 04 07 13:54:04.220#Z#DEBUG#3aa9c965-3289-11f1-a457-eeee0a899027.OPERATION#flowable-async-job-executor-thread-8118#
[XS2BuildCloudDeployModelStep] Executing task "buildDeployModelTask" of process "3aa9c98b-3289-11f1-a457-eeee0a899027"...#
#2026 04 07 13:54:04.303#Z#DEBUG#3aa9c965-3289-11f1-a457-eeee0a899027.OPERATION#flowable-async-job-executor-thread-8118#
[XS2BuildCloudDeployModelStep] Service keys defined for content deployment grouped by service name: { }#
#2026 04 07 13:54:04.303#Z#DEBUG#3aa9c965-3289-11f1-a457-eeee0a899027.OPERATION#flowable-async-job-executor-thread-8118#
[XS2BuildCloudDeployModelStep] Building cloud deployment model...#
#2026 04 07 13:54:04.305#Z#DEBUG#3aa9c965-3289-11f1-a457-eeee0a899027.OPERATION#flowable-async-job-executor-thread-8118#
[XS2BuildCloudDeployModelStep] MTA archive modules: [project_management_capm-srv, project_management_capm-postgres-deployer]#
#2026 04 07 13:54:04.305#Z#DEBUG#3aa9c965-3289-11f1-a457-eeee0a899027.OPERATION#flowable-async-job-executor-thread-8118#
[XS2BuildCloudDeployModelStep] Deployed modules: [project_management_capm-postgres-deployer, project_management_capm-srv]#
#2026 04 07 13:54:04.306#Z#DEBUG#3aa9c965-3289-11f1-a457-eeee0a899027.OPERATION#flowable-async-job-executor-thread-8118#
[XS2BuildCloudDeployModelStep] MTA modules: [project_management_capm-srv, project_management_capm-postgres-deployer]#
#2026 04 07 13:54:04.306#Z#DEBUG#3aa9c965-3289-11f1-a457-eeee0a899027.OPERATION#flowable-async-job-executor-thread-8118#
[XS2BuildCloudDeployModelStep] Service keys to create: {
  "project_management_capm-postgres" : [ ]
}#
#2026 04 07 13:54:04.307#Z#DEBUG#3aa9c965-3289-11f1-a457-eeee0a899027.OPERATION#flowable-async-job-executor-thread-8118#
[XS2BuildCloudDeployModelStep] Modules to deploy: [{
  "majorSchemaVersion" : 3,
  "name" : "project_management_capm-srv",
  "type" : "javascript.nodejs",
  "path" : "project_management_capm-srv",
  "properties" : { },
  "parameters" : {
    "default-url" : "https://d283a1e6trial-dev-project-management-capm-srv.cfapps.us10-001.hana.ondemand.com",
    "default-app-name" : "project_management_capm-srv",
    "generated-password" : "********",
    "default-live-url" : "https://d283a1e6trial-dev-project-management-capm-srv.cfapps.us10-001.hana.ondemand.com",
    "default-uri" : "d283a1e6trial-dev-project-management-capm-srv.cfapps.us10-001.hana.ondemand.com",
    "memory" : "512M",
    "default-instances" : 1,
    "default-live-host" : "d283a1e6trial-dev-project-management-capm-srv",
    "instances" : 1,
    "disc-quota" : "1G",
    "buildpack" : "nodejs_buildpack",
    "default-host" : "d283a1e6trial-dev-project-management-capm-srv",
    "app-name" : "project_management_capm-srv",
    "default-live-uri" : "d283a1e6trial-dev-project-management-capm-srv.cfapps.us10-001.hana.ondemand.com",
    "protocol" : "https",
    "default-live-app-name" : "project_management_capm-srv",
    "default-live-domain" : "cfapps.us10-001.hana.ondemand.com",
    "dependency-type" : "soft",
    "domain" : "cfapps.us10-001.hana.ondemand.com",
    "host" : "d283a1e6trial-dev-project-management-capm-srv",
    "generated-user" : "********"
  },
  "requiredDependencies" : [ {
    "majorSchemaVersion" : 3,
    "name" : "project_management_capm-postgres",
    "properties" : { },
    "parameters" : { },
    "propertiesMetadata" : {
      "metadata" : { }
    },
    "parametersMetadata" : {
      "metadata" : { }
    }
  } ],
  "providedDependencies" : [ {
    "majorSchemaVersion" : 3,
    "name" : "srv-api",
    "isPublic" : false,
    "properties" : {
      "srv-url" : "https://d283a1e6trial-dev-project-management-capm-srv.cfapps.us10-001.hana.ondemand.com"
    },
    "parameters" : { },
    "propertiesMetadata" : {
      "metadata" : { }
    },
    "parametersMetadata" : {
      "metadata" : { }
    }
  }, {
    "majorSchemaVersion" : 3,
    "name" : "project_management_capm-srv",
    "isPublic" : false,
    "properties" : { },
    "parameters" : { },
    "propertiesMetadata" : {
      "metadata" : { }
    },
    "parametersMetadata" : {
      "metadata" : { }
    }
  } ],
  "propertiesMetadata" : {
    "metadata" : { }
  },
  "parametersMetadata" : {
    "metadata" : { }
  },
  "deployedAfter" : [ ],
  "hooks" : [ ]
}, {
  "majorSchemaVersion" : 3,
  "name" : "project_management_capm-postgres-deployer",
  "type" : "javascript.nodejs",
  "path" : "project_management_capm-postgres-deployer",
  "properties" : { },
  "parameters" : {
    "default-url" : "https://d283a1e6trial-dev-project-management-capm-postgres-deployer.cfapps.us10-001.hana.ondemand.com",
    "default-app-name" : "project_management_capm-postgres-deployer",
    "generated-password" : "********",
    "default-live-url" : "https://d283a1e6trial-dev-project-management-capm-postgres-deployer.cfapps.us10-001.hana.ondemand.com",
    "default-uri" : "d283a1e6trial-dev-project-management-capm-postgres-deployer.cfapps.us10-001.hana.ondemand.com",
    "default-instances" : 1,
    "no-route" : true,
    "default-live-host" : "d283a1e6trial-dev-project-management-capm-postgres-deployer",
    "instances" : 1,
    "buildpack" : "nodejs_buildpack",
    "default-host" : "d283a1e6trial-dev-project-management-capm-postgres-deployer",
    "app-name" : "project_management_capm-postgres-deployer",
    "default-live-uri" : "d283a1e6trial-dev-project-management-capm-postgres-deployer.cfapps.us10-001.hana.ondemand.com",
    "protocol" : "https",
    "default-live-app-name" : "project_management_capm-postgres-deployer",
    "default-live-domain" : "cfapps.us10-001.hana.ondemand.com",
    "dependency-type" : "soft",
    "domain" : "cfapps.us10-001.hana.ondemand.com",
    "host" : "d283a1e6trial-dev-project-management-capm-postgres-deployer",
    "generated-user" : "********",
    "tasks" : [ {
      "command" : "npm start -- --auto-undeploy",
      "name" : "deploy-to-postgresql"
    } ],
    "no-start" : true
  },
  "requiredDependencies" : [ {
    "majorSchemaVersion" : 3,
    "name" : "project_management_capm-postgres",
    "properties" : { },
    "parameters" : { },
    "propertiesMetadata" : {
      "metadata" : { }
    },
    "parametersMetadata" : {
      "metadata" : { }
    }
  } ],
  "providedDependencies" : [ {
    "majorSchemaVersion" : 3,
    "name" : "project_management_capm-postgres-deployer",
    "isPublic" : false,
    "properties" : { },
    "parameters" : { },
    "propertiesMetadata" : {
      "metadata" : { }
    },
    "parametersMetadata" : {
      "metadata" : { }
    }
  } ],
  "propertiesMetadata" : {
    "metadata" : { }
  },
  "parametersMetadata" : {
    "metadata" : { }
  },
  "deployedAfter" : [ ],
  "hooks" : [ ]
}]#
#2026 04 07 13:54:04.307#Z#DEBUG#3aa9c965-3289-11f1-a457-eeee0a899027.OPERATION#flowable-async-job-executor-thread-8118#
[XS2BuildCloudDeployModelStep] Custom domains: []#
#2026 04 07 13:54:04.309#Z#DEBUG#3aa9c965-3289-11f1-a457-eeee0a899027.OPERATION#flowable-async-job-executor-thread-8118#
[XS2BuildCloudDeployModelStep] Getting service instance "PGSQL_INS"...#
#2026 04 07 13:54:04.357#Z#ERROR#3aa9c965-3289-11f1-a457-eeee0a899027.OPERATION#flowable-async-job-executor-thread-8118#
Exception caught#
org.cloudfoundry.multiapps.common.SLException: Error building cloud model: Controller operation failed: 404 Not Found: Service instance PGSQL_INS not found. 
	at org.cloudfoundry.multiapps.controller.process.steps.SyncFlowableStep.processException(SyncFlowableStep.java:151)
	at org.cloudfoundry.multiapps.controller.process.steps.SyncFlowableStep.onStepError(SyncFlowableStep.java:146)
	at org.cloudfoundry.multiapps.controller.process.steps.SyncFlowableStep.handleException(SyncFlowableStep.java:122)
	at org.cloudfoundry.multiapps.controller.process.steps.SyncFlowableStep.executeInternal(SyncFlowableStep.java:87)
	at org.cloudfoundry.multiapps.controller.process.steps.SyncFlowableStep.lambda$execute$0(SyncFlowableStep.java:71)
	at org.cloudfoundry.multiapps.controller.core.util.LoggingUtil.logWithCorrelationId(LoggingUtil.java:14)
	at org.cloudfoundry.multiapps.controller.process.steps.SyncFlowableStep.execute(SyncFlowableStep.java:71)
	at org.flowable.engine.impl.delegate.invocation.JavaDelegateInvocation.invoke(JavaDelegateInvocation.java:35)
	at org.flowable.engine.impl.delegate.invocation.DelegateInvocation.proceed(DelegateInvocation.java:32)
	at org.flowable.engine.impl.delegate.invocation.DefaultDelegateInterceptor.handleInvocation(DefaultDelegateInterceptor.java:26)
	at org.flowable.engine.impl.bpmn.behavior.ServiceTaskDelegateExpressionActivityBehavior.execute(ServiceTaskDelegateExpressionActivityBehavior.java:177)
	at org.flowable.engine.impl.agenda.ContinueProcessOperation.executeActivityBehavior(ContinueProcessOperation.java:298)
	at org.flowable.engine.impl.agenda.ContinueProcessOperation.executeSynchronous(ContinueProcessOperation.java:175)
	at org.flowable.engine.impl.agenda.ContinueProcessOperation.continueThroughFlowNode(ContinueProcessOperation.java:125)
	at org.flowable.engine.impl.agenda.ContinueProcessOperation.run(ContinueProcessOperation.java:88)
	at org.flowable.common.engine.impl.AbstractEngineConfiguration.lambda$new$0(AbstractEngineConfiguration.java:198)
	at org.flowable.engine.impl.interceptor.CommandInvoker.executeOperation(CommandInvoker.java:189)
	at org.flowable.engine.impl.interceptor.CommandInvoker.executeOperations(CommandInvoker.java:128)
	at org.flowable.engine.impl.interceptor.CommandInvoker.execute(CommandInvoker.java:80)
	at org.flowable.engine.impl.interceptor.BpmnOverrideContextInterceptor.execute(BpmnOverrideContextInterceptor.java:26)
	at org.flowable.common.engine.impl.interceptor.TransactionContextInterceptor.execute(TransactionContextInterceptor.java:53)
	at org.flowable.common.engine.impl.interceptor.CommandContextInterceptor.execute(CommandContextInterceptor.java:105)
	at org.flowable.common.spring.SpringTransactionInterceptor.lambda$execute$0(SpringTransactionInterceptor.java:57)
	at org.springframework.transaction.support.TransactionTemplate.execute(TransactionTemplate.java:140)
	at org.flowable.common.spring.SpringTransactionInterceptor.execute(SpringTransactionInterceptor.java:57)
	at org.flowable.common.engine.impl.interceptor.LogInterceptor.execute(LogInterceptor.java:30)
	at org.flowable.common.engine.impl.cfg.CommandExecutorImpl.execute(CommandExecutorImpl.java:56)
	at org.flowable.common.engine.impl.cfg.CommandExecutorImpl.execute(CommandExecutorImpl.java:51)
	at org.flowable.job.service.impl.asyncexecutor.ExecuteAsyncRunnable.handleTransactionalJob(ExecuteAsyncRunnable.java:177)
	at org.flowable.job.service.impl.asyncexecutor.ExecuteAsyncRunnable.executeJob(ExecuteAsyncRunnable.java:146)
	at org.flowable.job.service.impl.asyncexecutor.ExecuteAsyncRunnable.runInternally(ExecuteAsyncRunnable.java:122)
	at org.flowable.job.service.impl.asyncexecutor.ExecuteAsyncRunnable.run(ExecuteAsyncRunnable.java:96)
	at java.base/java.util.concurrent.ThreadPoolExecutor.runWorker(ThreadPoolExecutor.java:1090)
	at java.base/java.util.concurrent.ThreadPoolExecutor$Worker.run(ThreadPoolExecutor.java:614)
	at java.base/java.lang.Thread.run(Thread.java:1474)
Caused by: org.cloudfoundry.multiapps.controller.client.facade.CloudControllerException: Controller operation failed: 404 Not Found: Service instance PGSQL_INS not found.
	at org.cloudfoundry.multiapps.controller.process.steps.SyncFlowableStep.handleControllerException(SyncFlowableStep.java:156)
	at org.cloudfoundry.multiapps.controller.process.steps.SyncFlowableStep.processException(SyncFlowableStep.java:150)
	... 34 more
Caused by: org.cloudfoundry.multiapps.controller.client.facade.CloudOperationException: 404 Not Found: Service instance PGSQL_INS not found.
	at org.cloudfoundry.multiapps.controller.client.facade.rest.CloudControllerRestClientImpl.getServiceInstanceIfRequired(CloudControllerRestClientImpl.java:883)
	at org.cloudfoundry.multiapps.controller.client.facade.rest.CloudControllerRestClientImpl.getServiceInstance(CloudControllerRestClientImpl.java:877)
	at org.cloudfoundry.multiapps.controller.client.facade.rest.CloudControllerRestClientImpl.getServiceInstance(CloudControllerRestClientImpl.java:871)
	at org.cloudfoundry.multiapps.controller.client.facade.CloudControllerClientImpl.lambda$getServiceInstance$0(CloudControllerClientImpl.java:333)
	at org.cloudfoundry.multiapps.controller.client.facade.CloudControllerClientImpl.handleExceptions(CloudControllerClientImpl.java:662)
	at org.cloudfoundry.multiapps.controller.client.facade.CloudControllerClientImpl.getServiceInstance(CloudControllerClientImpl.java:333)
	at org.cloudfoundry.multiapps.controller.client.ResilientCloudControllerClient.lambda$getServiceInstance$0(ResilientCloudControllerClient.java:251)
	at org.cloudfoundry.multiapps.controller.client.util.ResilientOperationExecutor.execute(ResilientOperationExecutor.java:42)
	at org.cloudfoundry.multiapps.controller.client.ResilientCloudControllerClient.executeWithRetry(ResilientCloudControllerClient.java:636)
	at org.cloudfoundry.multiapps.controller.client.ResilientCloudControllerClient.getServiceInstance(ResilientCloudControllerClient.java:251)
	at org.cloudfoundry.multiapps.controller.process.client.LoggingCloudControllerClient.getServiceInstance(LoggingCloudControllerClient.java:359)
	at org.cloudfoundry.multiapps.controller.process.steps.BuildCloudDeployModelStep.resolveServiceGuid(BuildCloudDeployModelStep.java:405)
	at org.cloudfoundry.multiapps.controller.process.steps.BuildCloudDeployModelStep.lambda$getExistingServiceGuids$0(BuildCloudDeployModelStep.java:396)
	at java.base/java.util.stream.ReferencePipeline$3$1.accept(ReferencePipeline.java:214)
	at java.base/java.util.AbstractList$RandomAccessSpliterator.forEachRemaining(AbstractList.java:722)
	at java.base/java.util.stream.AbstractPipeline.copyInto(AbstractPipeline.java:570)
	at java.base/java.util.stream.AbstractPipeline.wrapAndCopyInto(AbstractPipeline.java:560)
	at java.base/java.util.stream.Nodes$CollectorTask.doLeaf(Nodes.java:2191)
	at java.base/java.util.stream.Nodes$CollectorTask$OfRef.doLeaf(Nodes.java:2201)
	at java.base/java.util.stream.AbstractTask.compute(AbstractTask.java:327)
	at java.base/java.util.concurrent.CountedCompleter.exec(CountedCompleter.java:759)
	at java.base/java.util.concurrent.ForkJoinTask.doExec(ForkJoinTask.java:511)
	at java.base/java.util.concurrent.ForkJoinTask.invoke(ForkJoinTask.java:680)
	at java.base/java.util.stream.Nodes.collect(Nodes.java:329)
	at java.base/java.util.stream.ReferencePipeline.evaluateToNode(ReferencePipeline.java:129)
	at java.base/java.util.stream.AbstractPipeline.evaluate(AbstractPipeline.java:630)
	at java.base/java.util.stream.AbstractPipeline.evaluateToArrayNode(AbstractPipeline.java:291)
	at java.base/java.util.stream.ReferencePipeline.toArray(ReferencePipeline.java:652)
	at java.base/java.util.stream.ReferencePipeline.toArray(ReferencePipeline.java:658)
	at java.base/java.util.stream.ReferencePipeline.toList(ReferencePipeline.java:663)
	at org.cloudfoundry.multiapps.controller.process.steps.BuildCloudDeployModelStep.getExistingServiceGuids(BuildCloudDeployModelStep.java:398)
	at org.cloudfoundry.multiapps.controller.process.steps.BuildCloudDeployModelStep.detectDeployedServiceKeys(BuildCloudDeployModelStep.java:384)
	at org.cloudfoundry.multiapps.controller.process.steps.BuildCloudDeployModelStep.addDetectedExistingServiceKeysToDetectedManagedKeys(BuildCloudDeployModelStep.java:360)
	at org.cloudfoundry.multiapps.controller.process.steps.BuildCloudDeployModelStep.executeStep(BuildCloudDeployModelStep.java:149)
	at com.sap.cloud.lm.sl.cf.sap.process.steps.XS2BuildCloudDeployModelStep.executeStep(XS2BuildCloudDeployModelStep.java:35)
	at org.cloudfoundry.multiapps.controller.process.steps.SyncFlowableStep.executeInternal(SyncFlowableStep.java:81)
	... 31 more
#2026 04 07 13:54:04.364#Z#DEBUG#3aa9c965-3289-11f1-a457-eeee0a899027.OPERATION#flowable-async-job-executor-thread-8118#
Step "Build Deploy Model" finished#
#2026 04 07 13:54:04.925#Z#DEBUG#3aa9c965-3289-11f1-a457-eeee0a899027.OPERATION#flowable-async-job-executor-thread-8119#
[XS2BuildCloudDeployModelStep] Executing task "buildDeployModelTask" of process "3aa9c98b-3289-11f1-a457-eeee0a899027"...#
#2026 04 07 13:54:04.992#Z#DEBUG#3aa9c965-3289-11f1-a457-eeee0a899027.OPERATION#flowable-async-job-executor-thread-8119#
[XS2BuildCloudDeployModelStep] Service keys defined for content deployment grouped by service name: { }#
#2026 04 07 13:54:04.993#Z#DEBUG#3aa9c965-3289-11f1-a457-eeee0a899027.OPERATION#flowable-async-job-executor-thread-8119#
[XS2BuildCloudDeployModelStep] Building cloud deployment model...#
#2026 04 07 13:54:04.994#Z#DEBUG#3aa9c965-3289-11f1-a457-eeee0a899027.OPERATION#flowable-async-job-executor-thread-8119#
[XS2BuildCloudDeployModelStep] MTA archive modules: [project_management_capm-srv, project_management_capm-postgres-deployer]#
#2026 04 07 13:54:04.994#Z#DEBUG#3aa9c965-3289-11f1-a457-eeee0a899027.OPERATION#flowable-async-job-executor-thread-8119#
[XS2BuildCloudDeployModelStep] Deployed modules: [project_management_capm-postgres-deployer, project_management_capm-srv]#
#2026 04 07 13:54:04.995#Z#DEBUG#3aa9c965-3289-11f1-a457-eeee0a899027.OPERATION#flowable-async-job-executor-thread-8119#
[XS2BuildCloudDeployModelStep] MTA modules: [project_management_capm-srv, project_management_capm-postgres-deployer]#
#2026 04 07 13:54:04.995#Z#DEBUG#3aa9c965-3289-11f1-a457-eeee0a899027.OPERATION#flowable-async-job-executor-thread-8119#
[XS2BuildCloudDeployModelStep] Service keys to create: {
  "project_management_capm-postgres" : [ ]
}#
#2026 04 07 13:54:04.995#Z#DEBUG#3aa9c965-3289-11f1-a457-eeee0a899027.OPERATION#flowable-async-job-executor-thread-8119#
[XS2BuildCloudDeployModelStep] Modules to deploy: [{
  "majorSchemaVersion" : 3,
  "name" : "project_management_capm-srv",
  "type" : "javascript.nodejs",
  "path" : "project_management_capm-srv",
  "properties" : { },
  "parameters" : {
    "default-url" : "https://d283a1e6trial-dev-project-management-capm-srv.cfapps.us10-001.hana.ondemand.com",
    "default-app-name" : "project_management_capm-srv",
    "generated-password" : "********",
    "default-live-url" : "https://d283a1e6trial-dev-project-management-capm-srv.cfapps.us10-001.hana.ondemand.com",
    "default-uri" : "d283a1e6trial-dev-project-management-capm-srv.cfapps.us10-001.hana.ondemand.com",
    "memory" : "512M",
    "default-instances" : 1,
    "default-live-host" : "d283a1e6trial-dev-project-management-capm-srv",
    "instances" : 1,
    "disc-quota" : "1G",
    "buildpack" : "nodejs_buildpack",
    "default-host" : "d283a1e6trial-dev-project-management-capm-srv",
    "app-name" : "project_management_capm-srv",
    "default-live-uri" : "d283a1e6trial-dev-project-management-capm-srv.cfapps.us10-001.hana.ondemand.com",
    "protocol" : "https",
    "default-live-app-name" : "project_management_capm-srv",
    "default-live-domain" : "cfapps.us10-001.hana.ondemand.com",
    "dependency-type" : "soft",
    "domain" : "cfapps.us10-001.hana.ondemand.com",
    "host" : "d283a1e6trial-dev-project-management-capm-srv",
    "generated-user" : "********"
  },
  "requiredDependencies" : [ {
    "majorSchemaVersion" : 3,
    "name" : "project_management_capm-postgres",
    "properties" : { },
    "parameters" : { },
    "propertiesMetadata" : {
      "metadata" : { }
    },
    "parametersMetadata" : {
      "metadata" : { }
    }
  } ],
  "providedDependencies" : [ {
    "majorSchemaVersion" : 3,
    "name" : "srv-api",
    "isPublic" : false,
    "properties" : {
      "srv-url" : "https://d283a1e6trial-dev-project-management-capm-srv.cfapps.us10-001.hana.ondemand.com"
    },
    "parameters" : { },
    "propertiesMetadata" : {
      "metadata" : { }
    },
    "parametersMetadata" : {
      "metadata" : { }
    }
  }, {
    "majorSchemaVersion" : 3,
    "name" : "project_management_capm-srv",
    "isPublic" : false,
    "properties" : { },
    "parameters" : { },
    "propertiesMetadata" : {
      "metadata" : { }
    },
    "parametersMetadata" : {
      "metadata" : { }
    }
  } ],
  "propertiesMetadata" : {
    "metadata" : { }
  },
  "parametersMetadata" : {
    "metadata" : { }
  },
  "deployedAfter" : [ ],
  "hooks" : [ ]
}, {
  "majorSchemaVersion" : 3,
  "name" : "project_management_capm-postgres-deployer",
  "type" : "javascript.nodejs",
  "path" : "project_management_capm-postgres-deployer",
  "properties" : { },
  "parameters" : {
    "default-url" : "https://d283a1e6trial-dev-project-management-capm-postgres-deployer.cfapps.us10-001.hana.ondemand.com",
    "default-app-name" : "project_management_capm-postgres-deployer",
    "generated-password" : "********",
    "default-live-url" : "https://d283a1e6trial-dev-project-management-capm-postgres-deployer.cfapps.us10-001.hana.ondemand.com",
    "default-uri" : "d283a1e6trial-dev-project-management-capm-postgres-deployer.cfapps.us10-001.hana.ondemand.com",
    "default-instances" : 1,
    "no-route" : true,
    "default-live-host" : "d283a1e6trial-dev-project-management-capm-postgres-deployer",
    "instances" : 1,
    "buildpack" : "nodejs_buildpack",
    "default-host" : "d283a1e6trial-dev-project-management-capm-postgres-deployer",
    "app-name" : "project_management_capm-postgres-deployer",
    "default-live-uri" : "d283a1e6trial-dev-project-management-capm-postgres-deployer.cfapps.us10-001.hana.ondemand.com",
    "protocol" : "https",
    "default-live-app-name" : "project_management_capm-postgres-deployer",
    "default-live-domain" : "cfapps.us10-001.hana.ondemand.com",
    "dependency-type" : "soft",
    "domain" : "cfapps.us10-001.hana.ondemand.com",
    "host" : "d283a1e6trial-dev-project-management-capm-postgres-deployer",
    "generated-user" : "********",
    "tasks" : [ {
      "command" : "npm start -- --auto-undeploy",
      "name" : "deploy-to-postgresql"
    } ],
    "no-start" : true
  },
  "requiredDependencies" : [ {
    "majorSchemaVersion" : 3,
    "name" : "project_management_capm-postgres",
    "properties" : { },
    "parameters" : { },
    "propertiesMetadata" : {
      "metadata" : { }
    },
    "parametersMetadata" : {
      "metadata" : { }
    }
  } ],
  "providedDependencies" : [ {
    "majorSchemaVersion" : 3,
    "name" : "project_management_capm-postgres-deployer",
    "isPublic" : false,
    "properties" : { },
    "parameters" : { },
    "propertiesMetadata" : {
      "metadata" : { }
    },
    "parametersMetadata" : {
      "metadata" : { }
    }
  } ],
  "propertiesMetadata" : {
    "metadata" : { }
  },
  "parametersMetadata" : {
    "metadata" : { }
  },
  "deployedAfter" : [ ],
  "hooks" : [ ]
}]#
#2026 04 07 13:54:04.996#Z#DEBUG#3aa9c965-3289-11f1-a457-eeee0a899027.OPERATION#flowable-async-job-executor-thread-8119#
[XS2BuildCloudDeployModelStep] Custom domains: []#
#2026 04 07 13:54:04.997#Z#DEBUG#3aa9c965-3289-11f1-a457-eeee0a899027.OPERATION#flowable-async-job-executor-thread-8119#
[XS2BuildCloudDeployModelStep] Getting service instance "PGSQL_INS"...#
#2026 04 07 13:54:05.051#Z#ERROR#3aa9c965-3289-11f1-a457-eeee0a899027.OPERATION#flowable-async-job-executor-thread-8119#
Exception caught#
org.cloudfoundry.multiapps.common.SLException: Error building cloud model: Controller operation failed: 404 Not Found: Service instance PGSQL_INS not found. 
	at org.cloudfoundry.multiapps.controller.process.steps.SyncFlowableStep.processException(SyncFlowableStep.java:151)
	at org.cloudfoundry.multiapps.controller.process.steps.SyncFlowableStep.onStepError(SyncFlowableStep.java:146)
	at org.cloudfoundry.multiapps.controller.process.steps.SyncFlowableStep.handleException(SyncFlowableStep.java:122)
	at org.cloudfoundry.multiapps.controller.process.steps.SyncFlowableStep.executeInternal(SyncFlowableStep.java:87)
	at org.cloudfoundry.multiapps.controller.process.steps.SyncFlowableStep.lambda$execute$0(SyncFlowableStep.java:71)
	at org.cloudfoundry.multiapps.controller.core.util.LoggingUtil.logWithCorrelationId(LoggingUtil.java:14)
	at org.cloudfoundry.multiapps.controller.process.steps.SyncFlowableStep.execute(SyncFlowableStep.java:71)
	at org.flowable.engine.impl.delegate.invocation.JavaDelegateInvocation.invoke(JavaDelegateInvocation.java:35)
	at org.flowable.engine.impl.delegate.invocation.DelegateInvocation.proceed(DelegateInvocation.java:32)
	at org.flowable.engine.impl.delegate.invocation.DefaultDelegateInterceptor.handleInvocation(DefaultDelegateInterceptor.java:26)
	at org.flowable.engine.impl.bpmn.behavior.ServiceTaskDelegateExpressionActivityBehavior.execute(ServiceTaskDelegateExpressionActivityBehavior.java:177)
	at org.flowable.engine.impl.agenda.ContinueProcessOperation.executeActivityBehavior(ContinueProcessOperation.java:298)
	at org.flowable.engine.impl.agenda.ContinueProcessOperation.executeSynchronous(ContinueProcessOperation.java:175)
	at org.flowable.engine.impl.agenda.ContinueProcessOperation.continueThroughFlowNode(ContinueProcessOperation.java:125)
	at org.flowable.engine.impl.agenda.ContinueProcessOperation.run(ContinueProcessOperation.java:88)
	at org.flowable.common.engine.impl.AbstractEngineConfiguration.lambda$new$0(AbstractEngineConfiguration.java:198)
	at org.flowable.engine.impl.interceptor.CommandInvoker.executeOperation(CommandInvoker.java:189)
	at org.flowable.engine.impl.interceptor.CommandInvoker.executeOperations(CommandInvoker.java:128)
	at org.flowable.engine.impl.interceptor.CommandInvoker.execute(CommandInvoker.java:80)
	at org.flowable.engine.impl.interceptor.BpmnOverrideContextInterceptor.execute(BpmnOverrideContextInterceptor.java:26)
	at org.flowable.common.engine.impl.interceptor.TransactionContextInterceptor.execute(TransactionContextInterceptor.java:53)
	at org.flowable.common.engine.impl.interceptor.CommandContextInterceptor.execute(CommandContextInterceptor.java:105)
	at org.flowable.common.spring.SpringTransactionInterceptor.lambda$execute$0(SpringTransactionInterceptor.java:57)
	at org.springframework.transaction.support.TransactionTemplate.execute(TransactionTemplate.java:140)
	at org.flowable.common.spring.SpringTransactionInterceptor.execute(SpringTransactionInterceptor.java:57)
	at org.flowable.common.engine.impl.interceptor.LogInterceptor.execute(LogInterceptor.java:30)
	at org.flowable.common.engine.impl.cfg.CommandExecutorImpl.execute(CommandExecutorImpl.java:56)
	at org.flowable.common.engine.impl.cfg.CommandExecutorImpl.execute(CommandExecutorImpl.java:51)
	at org.flowable.job.service.impl.asyncexecutor.ExecuteAsyncRunnable.handleTransactionalJob(ExecuteAsyncRunnable.java:177)
	at org.flowable.job.service.impl.asyncexecutor.ExecuteAsyncRunnable.executeJob(ExecuteAsyncRunnable.java:146)
	at org.flowable.job.service.impl.asyncexecutor.ExecuteAsyncRunnable.runInternally(ExecuteAsyncRunnable.java:122)
	at org.flowable.job.service.impl.asyncexecutor.ExecuteAsyncRunnable.run(ExecuteAsyncRunnable.java:96)
	at java.base/java.util.concurrent.ThreadPoolExecutor.runWorker(ThreadPoolExecutor.java:1090)
	at java.base/java.util.concurrent.ThreadPoolExecutor$Worker.run(ThreadPoolExecutor.java:614)
	at java.base/java.lang.Thread.run(Thread.java:1474)
Caused by: org.cloudfoundry.multiapps.controller.client.facade.CloudControllerException: Controller operation failed: 404 Not Found: Service instance PGSQL_INS not found.
	at org.cloudfoundry.multiapps.controller.process.steps.SyncFlowableStep.handleControllerException(SyncFlowableStep.java:156)
	at org.cloudfoundry.multiapps.controller.process.steps.SyncFlowableStep.processException(SyncFlowableStep.java:150)
	... 34 more
Caused by: org.cloudfoundry.multiapps.controller.client.facade.CloudOperationException: 404 Not Found: Service instance PGSQL_INS not found.
	at org.cloudfoundry.multiapps.controller.client.facade.rest.CloudControllerRestClientImpl.getServiceInstanceIfRequired(CloudControllerRestClientImpl.java:883)
	at org.cloudfoundry.multiapps.controller.client.facade.rest.CloudControllerRestClientImpl.getServiceInstance(CloudControllerRestClientImpl.java:877)
	at org.cloudfoundry.multiapps.controller.client.facade.rest.CloudControllerRestClientImpl.getServiceInstance(CloudControllerRestClientImpl.java:871)
	at org.cloudfoundry.multiapps.controller.client.facade.CloudControllerClientImpl.lambda$getServiceInstance$0(CloudControllerClientImpl.java:333)
	at org.cloudfoundry.multiapps.controller.client.facade.CloudControllerClientImpl.handleExceptions(CloudControllerClientImpl.java:662)
	at org.cloudfoundry.multiapps.controller.client.facade.CloudControllerClientImpl.getServiceInstance(CloudControllerClientImpl.java:333)
	at org.cloudfoundry.multiapps.controller.client.ResilientCloudControllerClient.lambda$getServiceInstance$0(ResilientCloudControllerClient.java:251)
	at org.cloudfoundry.multiapps.controller.client.util.ResilientOperationExecutor.execute(ResilientOperationExecutor.java:42)
	at org.cloudfoundry.multiapps.controller.client.ResilientCloudControllerClient.executeWithRetry(ResilientCloudControllerClient.java:636)
	at org.cloudfoundry.multiapps.controller.client.ResilientCloudControllerClient.getServiceInstance(ResilientCloudControllerClient.java:251)
	at org.cloudfoundry.multiapps.controller.process.client.LoggingCloudControllerClient.getServiceInstance(LoggingCloudControllerClient.java:359)
	at org.cloudfoundry.multiapps.controller.process.steps.BuildCloudDeployModelStep.resolveServiceGuid(BuildCloudDeployModelStep.java:405)
	at org.cloudfoundry.multiapps.controller.process.steps.BuildCloudDeployModelStep.lambda$getExistingServiceGuids$0(BuildCloudDeployModelStep.java:396)
	at java.base/java.util.stream.ReferencePipeline$3$1.accept(ReferencePipeline.java:214)
	at java.base/java.util.AbstractList$RandomAccessSpliterator.forEachRemaining(AbstractList.java:722)
	at java.base/java.util.stream.AbstractPipeline.copyInto(AbstractPipeline.java:570)
	at java.base/java.util.stream.AbstractPipeline.wrapAndCopyInto(AbstractPipeline.java:560)
	at java.base/java.util.stream.Nodes$CollectorTask.doLeaf(Nodes.java:2191)
	at java.base/java.util.stream.Nodes$CollectorTask$OfRef.doLeaf(Nodes.java:2201)
	at java.base/java.util.stream.AbstractTask.compute(AbstractTask.java:327)
	at java.base/java.util.concurrent.CountedCompleter.exec(CountedCompleter.java:759)
	at java.base/java.util.concurrent.ForkJoinTask.doExec(ForkJoinTask.java:511)
	at java.base/java.util.concurrent.ForkJoinTask.invoke(ForkJoinTask.java:680)
	at java.base/java.util.stream.Nodes.collect(Nodes.java:329)
	at java.base/java.util.stream.ReferencePipeline.evaluateToNode(ReferencePipeline.java:129)
	at java.base/java.util.stream.AbstractPipeline.evaluate(AbstractPipeline.java:630)
	at java.base/java.util.stream.AbstractPipeline.evaluateToArrayNode(AbstractPipeline.java:291)
	at java.base/java.util.stream.ReferencePipeline.toArray(ReferencePipeline.java:652)
	at java.base/java.util.stream.ReferencePipeline.toArray(ReferencePipeline.java:658)
	at java.base/java.util.stream.ReferencePipeline.toList(ReferencePipeline.java:663)
	at org.cloudfoundry.multiapps.controller.process.steps.BuildCloudDeployModelStep.getExistingServiceGuids(BuildCloudDeployModelStep.java:398)
	at org.cloudfoundry.multiapps.controller.process.steps.BuildCloudDeployModelStep.detectDeployedServiceKeys(BuildCloudDeployModelStep.java:384)
	at org.cloudfoundry.multiapps.controller.process.steps.BuildCloudDeployModelStep.addDetectedExistingServiceKeysToDetectedManagedKeys(BuildCloudDeployModelStep.java:360)
	at org.cloudfoundry.multiapps.controller.process.steps.BuildCloudDeployModelStep.executeStep(BuildCloudDeployModelStep.java:149)
	at com.sap.cloud.lm.sl.cf.sap.process.steps.XS2BuildCloudDeployModelStep.executeStep(XS2BuildCloudDeployModelStep.java:35)
	at org.cloudfoundry.multiapps.controller.process.steps.SyncFlowableStep.executeInternal(SyncFlowableStep.java:81)
	... 31 more
#2026 04 07 13:54:05.059#Z#DEBUG#3aa9c965-3289-11f1-a457-eeee0a899027.OPERATION#flowable-async-job-executor-thread-8119#
Step "Build Deploy Model" finished#
#2026 04 07 13:54:05.652#Z#DEBUG#3aa9c965-3289-11f1-a457-eeee0a899027.OPERATION#flowable-async-job-executor-thread-8116#
[XS2BuildCloudDeployModelStep] Executing task "buildDeployModelTask" of process "3aa9c98b-3289-11f1-a457-eeee0a899027"...#
#2026 04 07 13:54:05.741#Z#DEBUG#3aa9c965-3289-11f1-a457-eeee0a899027.OPERATION#flowable-async-job-executor-thread-8116#
[XS2BuildCloudDeployModelStep] Service keys defined for content deployment grouped by service name: { }#
#2026 04 07 13:54:05.742#Z#DEBUG#3aa9c965-3289-11f1-a457-eeee0a899027.OPERATION#flowable-async-job-executor-thread-8116#
[XS2BuildCloudDeployModelStep] Building cloud deployment model...#
#2026 04 07 13:54:05.743#Z#DEBUG#3aa9c965-3289-11f1-a457-eeee0a899027.OPERATION#flowable-async-job-executor-thread-8116#
[XS2BuildCloudDeployModelStep] MTA archive modules: [project_management_capm-srv, project_management_capm-postgres-deployer]#
#2026 04 07 13:54:05.743#Z#DEBUG#3aa9c965-3289-11f1-a457-eeee0a899027.OPERATION#flowable-async-job-executor-thread-8116#
[XS2BuildCloudDeployModelStep] Deployed modules: [project_management_capm-postgres-deployer, project_management_capm-srv]#
#2026 04 07 13:54:05.744#Z#DEBUG#3aa9c965-3289-11f1-a457-eeee0a899027.OPERATION#flowable-async-job-executor-thread-8116#
[XS2BuildCloudDeployModelStep] MTA modules: [project_management_capm-srv, project_management_capm-postgres-deployer]#
#2026 04 07 13:54:05.744#Z#DEBUG#3aa9c965-3289-11f1-a457-eeee0a899027.OPERATION#flowable-async-job-executor-thread-8116#
[XS2BuildCloudDeployModelStep] Service keys to create: {
  "project_management_capm-postgres" : [ ]
}#
#2026 04 07 13:54:05.744#Z#DEBUG#3aa9c965-3289-11f1-a457-eeee0a899027.OPERATION#flowable-async-job-executor-thread-8116#
[XS2BuildCloudDeployModelStep] Modules to deploy: [{
  "majorSchemaVersion" : 3,
  "name" : "project_management_capm-srv",
  "type" : "javascript.nodejs",
  "path" : "project_management_capm-srv",
  "properties" : { },
  "parameters" : {
    "default-url" : "https://d283a1e6trial-dev-project-management-capm-srv.cfapps.us10-001.hana.ondemand.com",
    "default-app-name" : "project_management_capm-srv",
    "generated-password" : "********",
    "default-live-url" : "https://d283a1e6trial-dev-project-management-capm-srv.cfapps.us10-001.hana.ondemand.com",
    "default-uri" : "d283a1e6trial-dev-project-management-capm-srv.cfapps.us10-001.hana.ondemand.com",
    "memory" : "512M",
    "default-instances" : 1,
    "default-live-host" : "d283a1e6trial-dev-project-management-capm-srv",
    "instances" : 1,
    "disc-quota" : "1G",
    "buildpack" : "nodejs_buildpack",
    "default-host" : "d283a1e6trial-dev-project-management-capm-srv",
    "app-name" : "project_management_capm-srv",
    "default-live-uri" : "d283a1e6trial-dev-project-management-capm-srv.cfapps.us10-001.hana.ondemand.com",
    "protocol" : "https",
    "default-live-app-name" : "project_management_capm-srv",
    "default-live-domain" : "cfapps.us10-001.hana.ondemand.com",
    "dependency-type" : "soft",
    "domain" : "cfapps.us10-001.hana.ondemand.com",
    "host" : "d283a1e6trial-dev-project-management-capm-srv",
    "generated-user" : "********"
  },
  "requiredDependencies" : [ {
    "majorSchemaVersion" : 3,
    "name" : "project_management_capm-postgres",
    "properties" : { },
    "parameters" : { },
    "propertiesMetadata" : {
      "metadata" : { }
    },
    "parametersMetadata" : {
      "metadata" : { }
    }
  } ],
  "providedDependencies" : [ {
    "majorSchemaVersion" : 3,
    "name" : "srv-api",
    "isPublic" : false,
    "properties" : {
      "srv-url" : "https://d283a1e6trial-dev-project-management-capm-srv.cfapps.us10-001.hana.ondemand.com"
    },
    "parameters" : { },
    "propertiesMetadata" : {
      "metadata" : { }
    },
    "parametersMetadata" : {
      "metadata" : { }
    }
  }, {
    "majorSchemaVersion" : 3,
    "name" : "project_management_capm-srv",
    "isPublic" : false,
    "properties" : { },
    "parameters" : { },
    "propertiesMetadata" : {
      "metadata" : { }
    },
    "parametersMetadata" : {
      "metadata" : { }
    }
  } ],
  "propertiesMetadata" : {
    "metadata" : { }
  },
  "parametersMetadata" : {
    "metadata" : { }
  },
  "deployedAfter" : [ ],
  "hooks" : [ ]
}, {
  "majorSchemaVersion" : 3,
  "name" : "project_management_capm-postgres-deployer",
  "type" : "javascript.nodejs",
  "path" : "project_management_capm-postgres-deployer",
  "properties" : { },
  "parameters" : {
    "default-url" : "https://d283a1e6trial-dev-project-management-capm-postgres-deployer.cfapps.us10-001.hana.ondemand.com",
    "default-app-name" : "project_management_capm-postgres-deployer",
    "generated-password" : "********",
    "default-live-url" : "https://d283a1e6trial-dev-project-management-capm-postgres-deployer.cfapps.us10-001.hana.ondemand.com",
    "default-uri" : "d283a1e6trial-dev-project-management-capm-postgres-deployer.cfapps.us10-001.hana.ondemand.com",
    "default-instances" : 1,
    "no-route" : true,
    "default-live-host" : "d283a1e6trial-dev-project-management-capm-postgres-deployer",
    "instances" : 1,
    "buildpack" : "nodejs_buildpack",
    "default-host" : "d283a1e6trial-dev-project-management-capm-postgres-deployer",
    "app-name" : "project_management_capm-postgres-deployer",
    "default-live-uri" : "d283a1e6trial-dev-project-management-capm-postgres-deployer.cfapps.us10-001.hana.ondemand.com",
    "protocol" : "https",
    "default-live-app-name" : "project_management_capm-postgres-deployer",
    "default-live-domain" : "cfapps.us10-001.hana.ondemand.com",
    "dependency-type" : "soft",
    "domain" : "cfapps.us10-001.hana.ondemand.com",
    "host" : "d283a1e6trial-dev-project-management-capm-postgres-deployer",
    "generated-user" : "********",
    "tasks" : [ {
      "command" : "npm start -- --auto-undeploy",
      "name" : "deploy-to-postgresql"
    } ],
    "no-start" : true
  },
  "requiredDependencies" : [ {
    "majorSchemaVersion" : 3,
    "name" : "project_management_capm-postgres",
    "properties" : { },
    "parameters" : { },
    "propertiesMetadata" : {
      "metadata" : { }
    },
    "parametersMetadata" : {
      "metadata" : { }
    }
  } ],
  "providedDependencies" : [ {
    "majorSchemaVersion" : 3,
    "name" : "project_management_capm-postgres-deployer",
    "isPublic" : false,
    "properties" : { },
    "parameters" : { },
    "propertiesMetadata" : {
      "metadata" : { }
    },
    "parametersMetadata" : {
      "metadata" : { }
    }
  } ],
  "propertiesMetadata" : {
    "metadata" : { }
  },
  "parametersMetadata" : {
    "metadata" : { }
  },
  "deployedAfter" : [ ],
  "hooks" : [ ]
}]#
#2026 04 07 13:54:05.745#Z#DEBUG#3aa9c965-3289-11f1-a457-eeee0a899027.OPERATION#flowable-async-job-executor-thread-8116#
[XS2BuildCloudDeployModelStep] Custom domains: []#
#2026 04 07 13:54:05.746#Z#DEBUG#3aa9c965-3289-11f1-a457-eeee0a899027.OPERATION#flowable-async-job-executor-thread-8116#
[XS2BuildCloudDeployModelStep] Getting service instance "PGSQL_INS"...#
#2026 04 07 13:54:05.798#Z#ERROR#3aa9c965-3289-11f1-a457-eeee0a899027.OPERATION#flowable-async-job-executor-thread-8116#
Exception caught#
org.cloudfoundry.multiapps.common.SLException: Error building cloud model: Controller operation failed: 404 Not Found: Service instance PGSQL_INS not found. 
	at org.cloudfoundry.multiapps.controller.process.steps.SyncFlowableStep.processException(SyncFlowableStep.java:151)
	at org.cloudfoundry.multiapps.controller.process.steps.SyncFlowableStep.onStepError(SyncFlowableStep.java:146)
	at org.cloudfoundry.multiapps.controller.process.steps.SyncFlowableStep.handleException(SyncFlowableStep.java:122)
	at org.cloudfoundry.multiapps.controller.process.steps.SyncFlowableStep.executeInternal(SyncFlowableStep.java:87)
	at org.cloudfoundry.multiapps.controller.process.steps.SyncFlowableStep.lambda$execute$0(SyncFlowableStep.java:71)
	at org.cloudfoundry.multiapps.controller.core.util.LoggingUtil.logWithCorrelationId(LoggingUtil.java:14)
	at org.cloudfoundry.multiapps.controller.process.steps.SyncFlowableStep.execute(SyncFlowableStep.java:71)
	at org.flowable.engine.impl.delegate.invocation.JavaDelegateInvocation.invoke(JavaDelegateInvocation.java:35)
	at org.flowable.engine.impl.delegate.invocation.DelegateInvocation.proceed(DelegateInvocation.java:32)
	at org.flowable.engine.impl.delegate.invocation.DefaultDelegateInterceptor.handleInvocation(DefaultDelegateInterceptor.java:26)
	at org.flowable.engine.impl.bpmn.behavior.ServiceTaskDelegateExpressionActivityBehavior.execute(ServiceTaskDelegateExpressionActivityBehavior.java:177)
	at org.flowable.engine.impl.agenda.ContinueProcessOperation.executeActivityBehavior(ContinueProcessOperation.java:298)
	at org.flowable.engine.impl.agenda.ContinueProcessOperation.executeSynchronous(ContinueProcessOperation.java:175)
	at org.flowable.engine.impl.agenda.ContinueProcessOperation.continueThroughFlowNode(ContinueProcessOperation.java:125)
	at org.flowable.engine.impl.agenda.ContinueProcessOperation.run(ContinueProcessOperation.java:88)
	at org.flowable.common.engine.impl.AbstractEngineConfiguration.lambda$new$0(AbstractEngineConfiguration.java:198)
	at org.flowable.engine.impl.interceptor.CommandInvoker.executeOperation(CommandInvoker.java:189)
	at org.flowable.engine.impl.interceptor.CommandInvoker.executeOperations(CommandInvoker.java:128)
	at org.flowable.engine.impl.interceptor.CommandInvoker.execute(CommandInvoker.java:80)
	at org.flowable.engine.impl.interceptor.BpmnOverrideContextInterceptor.execute(BpmnOverrideContextInterceptor.java:26)
	at org.flowable.common.engine.impl.interceptor.TransactionContextInterceptor.execute(TransactionContextInterceptor.java:53)
	at org.flowable.common.engine.impl.interceptor.CommandContextInterceptor.execute(CommandContextInterceptor.java:105)
	at org.flowable.common.spring.SpringTransactionInterceptor.lambda$execute$0(SpringTransactionInterceptor.java:57)
	at org.springframework.transaction.support.TransactionTemplate.execute(TransactionTemplate.java:140)
	at org.flowable.common.spring.SpringTransactionInterceptor.execute(SpringTransactionInterceptor.java:57)
	at org.flowable.common.engine.impl.interceptor.LogInterceptor.execute(LogInterceptor.java:30)
	at org.flowable.common.engine.impl.cfg.CommandExecutorImpl.execute(CommandExecutorImpl.java:56)
	at org.flowable.common.engine.impl.cfg.CommandExecutorImpl.execute(CommandExecutorImpl.java:51)
	at org.flowable.job.service.impl.asyncexecutor.ExecuteAsyncRunnable.handleTransactionalJob(ExecuteAsyncRunnable.java:177)
	at org.flowable.job.service.impl.asyncexecutor.ExecuteAsyncRunnable.executeJob(ExecuteAsyncRunnable.java:146)
	at org.flowable.job.service.impl.asyncexecutor.ExecuteAsyncRunnable.runInternally(ExecuteAsyncRunnable.java:122)
	at org.flowable.job.service.impl.asyncexecutor.ExecuteAsyncRunnable.run(ExecuteAsyncRunnable.java:96)
	at java.base/java.util.concurrent.ThreadPoolExecutor.runWorker(ThreadPoolExecutor.java:1090)
	at java.base/java.util.concurrent.ThreadPoolExecutor$Worker.run(ThreadPoolExecutor.java:614)
	at java.base/java.lang.Thread.run(Thread.java:1474)
Caused by: org.cloudfoundry.multiapps.controller.client.facade.CloudControllerException: Controller operation failed: 404 Not Found: Service instance PGSQL_INS not found.
	at org.cloudfoundry.multiapps.controller.process.steps.SyncFlowableStep.handleControllerException(SyncFlowableStep.java:156)
	at org.cloudfoundry.multiapps.controller.process.steps.SyncFlowableStep.processException(SyncFlowableStep.java:150)
	... 34 more
Caused by: org.cloudfoundry.multiapps.controller.client.facade.CloudOperationException: 404 Not Found: Service instance PGSQL_INS not found.
	at org.cloudfoundry.multiapps.controller.client.facade.rest.CloudControllerRestClientImpl.getServiceInstanceIfRequired(CloudControllerRestClientImpl.java:883)
	at org.cloudfoundry.multiapps.controller.client.facade.rest.CloudControllerRestClientImpl.getServiceInstance(CloudControllerRestClientImpl.java:877)
	at org.cloudfoundry.multiapps.controller.client.facade.rest.CloudControllerRestClientImpl.getServiceInstance(CloudControllerRestClientImpl.java:871)
	at org.cloudfoundry.multiapps.controller.client.facade.CloudControllerClientImpl.lambda$getServiceInstance$0(CloudControllerClientImpl.java:333)
	at org.cloudfoundry.multiapps.controller.client.facade.CloudControllerClientImpl.handleExceptions(CloudControllerClientImpl.java:662)
	at org.cloudfoundry.multiapps.controller.client.facade.CloudControllerClientImpl.getServiceInstance(CloudControllerClientImpl.java:333)
	at org.cloudfoundry.multiapps.controller.client.ResilientCloudControllerClient.lambda$getServiceInstance$0(ResilientCloudControllerClient.java:251)
	at org.cloudfoundry.multiapps.controller.client.util.ResilientOperationExecutor.execute(ResilientOperationExecutor.java:42)
	at org.cloudfoundry.multiapps.controller.client.ResilientCloudControllerClient.executeWithRetry(ResilientCloudControllerClient.java:636)
	at org.cloudfoundry.multiapps.controller.client.ResilientCloudControllerClient.getServiceInstance(ResilientCloudControllerClient.java:251)
	at org.cloudfoundry.multiapps.controller.process.client.LoggingCloudControllerClient.getServiceInstance(LoggingCloudControllerClient.java:359)
	at org.cloudfoundry.multiapps.controller.process.steps.BuildCloudDeployModelStep.resolveServiceGuid(BuildCloudDeployModelStep.java:405)
	at org.cloudfoundry.multiapps.controller.process.steps.BuildCloudDeployModelStep.lambda$getExistingServiceGuids$0(BuildCloudDeployModelStep.java:396)
	at java.base/java.util.stream.ReferencePipeline$3$1.accept(ReferencePipeline.java:214)
	at java.base/java.util.AbstractList$RandomAccessSpliterator.forEachRemaining(AbstractList.java:722)
	at java.base/java.util.stream.AbstractPipeline.copyInto(AbstractPipeline.java:570)
	at java.base/java.util.stream.AbstractPipeline.wrapAndCopyInto(AbstractPipeline.java:560)
	at java.base/java.util.stream.Nodes$CollectorTask.doLeaf(Nodes.java:2191)
	at java.base/java.util.stream.Nodes$CollectorTask$OfRef.doLeaf(Nodes.java:2201)
	at java.base/java.util.stream.AbstractTask.compute(AbstractTask.java:327)
	at java.base/java.util.concurrent.CountedCompleter.exec(CountedCompleter.java:759)
	at java.base/java.util.concurrent.ForkJoinTask.doExec(ForkJoinTask.java:511)
	at java.base/java.util.concurrent.ForkJoinTask.invoke(ForkJoinTask.java:680)
	at java.base/java.util.stream.Nodes.collect(Nodes.java:329)
	at java.base/java.util.stream.ReferencePipeline.evaluateToNode(ReferencePipeline.java:129)
	at java.base/java.util.stream.AbstractPipeline.evaluate(AbstractPipeline.java:630)
	at java.base/java.util.stream.AbstractPipeline.evaluateToArrayNode(AbstractPipeline.java:291)
	at java.base/java.util.stream.ReferencePipeline.toArray(ReferencePipeline.java:652)
	at java.base/java.util.stream.ReferencePipeline.toArray(ReferencePipeline.java:658)
	at java.base/java.util.stream.ReferencePipeline.toList(ReferencePipeline.java:663)
	at org.cloudfoundry.multiapps.controller.process.steps.BuildCloudDeployModelStep.getExistingServiceGuids(BuildCloudDeployModelStep.java:398)
	at org.cloudfoundry.multiapps.controller.process.steps.BuildCloudDeployModelStep.detectDeployedServiceKeys(BuildCloudDeployModelStep.java:384)
	at org.cloudfoundry.multiapps.controller.process.steps.BuildCloudDeployModelStep.addDetectedExistingServiceKeysToDetectedManagedKeys(BuildCloudDeployModelStep.java:360)
	at org.cloudfoundry.multiapps.controller.process.steps.BuildCloudDeployModelStep.executeStep(BuildCloudDeployModelStep.java:149)
	at com.sap.cloud.lm.sl.cf.sap.process.steps.XS2BuildCloudDeployModelStep.executeStep(XS2BuildCloudDeployModelStep.java:35)
	at org.cloudfoundry.multiapps.controller.process.steps.SyncFlowableStep.executeInternal(SyncFlowableStep.java:81)
	... 31 more
#2026 04 07 13:54:05.807#Z#DEBUG#3aa9c965-3289-11f1-a457-eeee0a899027.OPERATION#flowable-async-job-executor-thread-8116#
Step "Build Deploy Model" finished#
